repeat 1/1
Data(x=[10641, 111], edge_index=[2, 112723], y=[10641], central_mask=[10641], train_mask=[10641], val_mask=[10641], test_mask=[10641])
AdaptedGAT(
  (convs): ModuleList(
    (0): AdaptedConv(256, 64)
  )
  (complementor): Adapted_complementor(
    (input_layer_o): Linear(33, 128, bias=False)
    (input_layer_u): Linear(78, 128, bias=False)
    (adapted_layer): Adapted_complete_layer(dim_share:128, dim_unshare:128)
    (layers): ModuleList(
      (0): Adapted_complete_layer(dim_share:128, dim_unshare:128)
    )
  )
  (bns): ModuleList(
    (0): BatchNorm1d(64, eps=1e-05, momentum=0.1, affine=True, track_running_stats=True)
  )
  (clf_base): AdaptedConv(64, 2)
  (clf_target): AdaptedConv(64, 2)
  (clf_transformer): Sequential(
    (0): Linear(64, 64, bias=True)
    (1): BatchNorm1d(64, eps=1e-05, momentum=0.1, affine=True, track_running_stats=True)
    (2): ReLU()
    (3): Linear(64, 64, bias=True)
  )
)
auto fixed data split seed to 0, model init seed to 0
Data(x=[10641, 111], edge_index=[2, 112723], y=[10641], central_mask=[10641], train_mask=[10641], val_mask=[10641], test_mask=[10641])
[Dataset-Company()] train_num:5741, val_num:584, test_num:585, class_num:2
Adjusting learning rate of group 0 to 1.0000e-03.
0 torch.Size([2, 27591])
1 torch.Size([2, 3640])
0.7600342035293579 0.8111840486526489 0.6954306960105896
Loss_clf:0.865 | Loss_dist:0.012 | Loss_kl:0.109
Adjusting learning rate of group 0 to 1.0000e-03.
Epoch: 001, Loss:0.8773 Train: 0.5497, Val:0.5702, Test: 0.5709, Time(s/epoch):3.2060
0.7340908646583557 0.7834670543670654 0.7044906616210938
Loss_clf:0.794 | Loss_dist:0.008 | Loss_kl:0.055
Adjusting learning rate of group 0 to 1.0000e-03.
Epoch: 002, Loss:0.8020 Train: 0.5776, Val:0.5685, Test: 0.5709, Time(s/epoch):0.5403
0.7130388021469116 0.7362748980522156 0.7032002806663513
Loss_clf:0.760 | Loss_dist:0.006 | Loss_kl:0.043
Adjusting learning rate of group 0 to 1.0000e-03.
Epoch: 003, Loss:0.7652 Train: 0.6011, Val:0.5736, Test: 0.5726, Time(s/epoch):0.0800
0.6877662539482117 0.7164251208305359 0.7042277455329895
Loss_clf:0.740 | Loss_dist:0.004 | Loss_kl:0.041
Adjusting learning rate of group 0 to 1.0000e-03.
Epoch: 004, Loss:0.7440 Train: 0.6157, Val:0.5736, Test: 0.5744, Time(s/epoch):0.0931
0.680916428565979 0.7036380767822266 0.7073479294776917
Loss_clf:0.734 | Loss_dist:0.003 | Loss_kl:0.041
Adjusting learning rate of group 0 to 1.0000e-03.
Epoch: 005, Loss:0.7372 Train: 0.6265, Val:0.5719, Test: 0.5726, Time(s/epoch):0.1037
0.6766756772994995 0.6910728812217712 0.7035039067268372
Loss_clf:0.725 | Loss_dist:0.002 | Loss_kl:0.038
Adjusting learning rate of group 0 to 1.0000e-03.
Epoch: 006, Loss:0.7272 Train: 0.6387, Val:0.5685, Test: 0.5726, Time(s/epoch):0.1071
0.6687830090522766 0.6886475682258606 0.6890774369239807
Loss_clf:0.707 | Loss_dist:0.002 | Loss_kl:0.028
Adjusting learning rate of group 0 to 1.0000e-03.
Epoch: 007, Loss:0.7088 Train: 0.6380, Val:0.5702, Test: 0.5726, Time(s/epoch):0.1127
0.6692264080047607 0.6798931360244751 0.6853833198547363
Loss_clf:0.699 | Loss_dist:0.001 | Loss_kl:0.023
Adjusting learning rate of group 0 to 1.0000e-03.
Epoch: 008, Loss:0.7004 Train: 0.6387, Val:0.5702, Test: 0.5726, Time(s/epoch):0.0902
0.6594355702400208 0.6716378331184387 0.6807968020439148
Loss_clf:0.688 | Loss_dist:0.001 | Loss_kl:0.020
Adjusting learning rate of group 0 to 1.0000e-03.
Epoch: 009, Loss:0.6891 Train: 0.6382, Val:0.5702, Test: 0.5709, Time(s/epoch):0.0827
0.6576114892959595 0.6767022013664246 0.6810843348503113
Loss_clf:0.687 | Loss_dist:0.001 | Loss_kl:0.019
Adjusting learning rate of group 0 to 1.0000e-03.
Epoch: 010, Loss:0.6883 Train: 0.6410, Val:0.5702, Test: 0.5709, Time(s/epoch):0.0810
0.6525381207466125 0.6677679419517517 0.6760812997817993
Loss_clf:0.676 | Loss_dist:0.001 | Loss_kl:0.014
Adjusting learning rate of group 0 to 1.0000e-03.
Epoch: 011, Loss:0.6770 Train: 0.6426, Val:0.5702, Test: 0.5709, Time(s/epoch):0.1008
0.6492109298706055 0.6747645139694214 0.6767301559448242
Loss_clf:0.677 | Loss_dist:0.001 | Loss_kl:0.014
Adjusting learning rate of group 0 to 1.0000e-03.
Epoch: 012, Loss:0.6772 Train: 0.6429, Val:0.5702, Test: 0.5709, Time(s/epoch):0.1099
0.6495391130447388 0.669401228427887 0.674176037311554
Loss_clf:0.674 | Loss_dist:0.000 | Loss_kl:0.013
Adjusting learning rate of group 0 to 1.0000e-03.
Epoch: 013, Loss:0.6741 Train: 0.6445, Val:0.5702, Test: 0.5709, Time(s/epoch):0.1086
0.650444507598877 0.6658082604408264 0.6756824851036072
Loss_clf:0.674 | Loss_dist:0.000 | Loss_kl:0.014
Adjusting learning rate of group 0 to 1.0000e-03.
Epoch: 014, Loss:0.6747 Train: 0.6457, Val:0.5702, Test: 0.5709, Time(s/epoch):0.1045
0.644402027130127 0.6685417890548706 0.6757873296737671
Loss_clf:0.670 | Loss_dist:0.000 | Loss_kl:0.012
Adjusting learning rate of group 0 to 1.0000e-03.
Epoch: 015, Loss:0.6705 Train: 0.6457, Val:0.5702, Test: 0.5709, Time(s/epoch):0.0828
0.6423137784004211 0.658312201499939 0.6734180450439453
Loss_clf:0.663 | Loss_dist:0.000 | Loss_kl:0.009
Adjusting learning rate of group 0 to 1.0000e-03.
Epoch: 016, Loss:0.6634 Train: 0.6478, Val:0.5719, Test: 0.5709, Time(s/epoch):0.0723
0.6399021148681641 0.6638253331184387 0.6723089814186096
Loss_clf:0.665 | Loss_dist:0.000 | Loss_kl:0.011
Adjusting learning rate of group 0 to 1.0000e-03.
Epoch: 017, Loss:0.6652 Train: 0.6492, Val:0.5719, Test: 0.5726, Time(s/epoch):0.0991
0.6373228430747986 0.6637728214263916 0.6729625463485718
Loss_clf:0.661 | Loss_dist:0.000 | Loss_kl:0.008
Adjusting learning rate of group 0 to 1.0000e-03.
Epoch: 018, Loss:0.6609 Train: 0.6508, Val:0.5702, Test: 0.5709, Time(s/epoch):0.1072
0.636793315410614 0.6608167886734009 0.6692622303962708
Loss_clf:0.659 | Loss_dist:0.000 | Loss_kl:0.008
Adjusting learning rate of group 0 to 1.0000e-03.
Epoch: 019, Loss:0.6588 Train: 0.6511, Val:0.5702, Test: 0.5709, Time(s/epoch):0.1064
0.6347746253013611 0.659605860710144 0.6682890057563782
Loss_clf:0.657 | Loss_dist:0.000 | Loss_kl:0.008
Adjusting learning rate of group 0 to 1.0000e-03.
Epoch: 020, Loss:0.6572 Train: 0.6535, Val:0.5685, Test: 0.5675, Time(s/epoch):0.1094
0.6350429654121399 0.6632118225097656 0.6689354181289673
Loss_clf:0.657 | Loss_dist:0.000 | Loss_kl:0.006
Adjusting learning rate of group 0 to 1.0000e-03.
Epoch: 021, Loss:0.6571 Train: 0.6530, Val:0.5668, Test: 0.5675, Time(s/epoch):0.1078
0.6336551904678345 0.6603136658668518 0.6650382876396179
Loss_clf:0.655 | Loss_dist:0.000 | Loss_kl:0.007
Adjusting learning rate of group 0 to 1.0000e-03.
Epoch: 022, Loss:0.6556 Train: 0.6527, Val:0.5668, Test: 0.5692, Time(s/epoch):0.1085
0.6308598518371582 0.6646447777748108 0.6713056564331055
Loss_clf:0.656 | Loss_dist:0.000 | Loss_kl:0.006
Adjusting learning rate of group 0 to 1.0000e-03.
Epoch: 023, Loss:0.6561 Train: 0.6532, Val:0.5651, Test: 0.5726, Time(s/epoch):0.1076
0.6302622556686401 0.6561753153800964 0.6653130054473877
Loss_clf:0.653 | Loss_dist:0.000 | Loss_kl:0.007
Adjusting learning rate of group 0 to 1.0000e-03.
Epoch: 024, Loss:0.6528 Train: 0.6555, Val:0.5668, Test: 0.5778, Time(s/epoch):0.1078
0.6307970881462097 0.6613338589668274 0.6673300266265869
Loss_clf:0.655 | Loss_dist:0.000 | Loss_kl:0.007
Adjusting learning rate of group 0 to 1.0000e-03.
Epoch: 025, Loss:0.6551 Train: 0.6569, Val:0.5651, Test: 0.5795, Time(s/epoch):0.1083
0.6265987157821655 0.6557227969169617 0.6653891801834106
Loss_clf:0.649 | Loss_dist:0.000 | Loss_kl:0.006
Adjusting learning rate of group 0 to 1.0000e-03.
Epoch: 026, Loss:0.6496 Train: 0.6574, Val:0.5651, Test: 0.5812, Time(s/epoch):0.0899
0.6284011006355286 0.6563296914100647 0.6603332757949829
Loss_clf:0.650 | Loss_dist:0.000 | Loss_kl:0.006
Adjusting learning rate of group 0 to 1.0000e-03.
Epoch: 027, Loss:0.6499 Train: 0.6577, Val:0.5651, Test: 0.5795, Time(s/epoch):0.0965
0.6245867609977722 0.6532671451568604 0.6624211072921753
Loss_clf:0.647 | Loss_dist:0.000 | Loss_kl:0.005
Adjusting learning rate of group 0 to 1.0000e-03.
Epoch: 028, Loss:0.6468 Train: 0.6593, Val:0.5651, Test: 0.5761, Time(s/epoch):0.0877
0.624768853187561 0.650797426700592 0.6598403453826904
Loss_clf:0.645 | Loss_dist:0.000 | Loss_kl:0.005
Adjusting learning rate of group 0 to 1.0000e-03.
Epoch: 029, Loss:0.6449 Train: 0.6609, Val:0.5651, Test: 0.5795, Time(s/epoch):0.1002
0.6218817830085754 0.6541587710380554 0.6601044535636902
Loss_clf:0.645 | Loss_dist:0.000 | Loss_kl:0.005
Adjusting learning rate of group 0 to 1.0000e-03.
Epoch: 030, Loss:0.6446 Train: 0.6628, Val:0.5651, Test: 0.5829, Time(s/epoch):0.0907
0.6204043030738831 0.6500881910324097 0.655683696269989
Loss_clf:0.641 | Loss_dist:0.000 | Loss_kl:0.005
Adjusting learning rate of group 0 to 1.0000e-03.
Epoch: 031, Loss:0.6414 Train: 0.6643, Val:0.5634, Test: 0.5812, Time(s/epoch):0.1014
0.6211664080619812 0.6502149701118469 0.6598422527313232
Loss_clf:0.643 | Loss_dist:0.000 | Loss_kl:0.005
Adjusting learning rate of group 0 to 1.0000e-03.
Epoch: 032, Loss:0.6430 Train: 0.6631, Val:0.5616, Test: 0.5897, Time(s/epoch):0.1092
0.620635986328125 0.6489905118942261 0.6562354564666748
Loss_clf:0.642 | Loss_dist:0.000 | Loss_kl:0.005
Adjusting learning rate of group 0 to 1.0000e-03.
Epoch: 033, Loss:0.6417 Train: 0.6633, Val:0.5651, Test: 0.5932, Time(s/epoch):0.1085
0.6210859417915344 0.6490845084190369 0.6539806127548218
Loss_clf:0.641 | Loss_dist:0.000 | Loss_kl:0.005
Adjusting learning rate of group 0 to 1.0000e-03.
Epoch: 034, Loss:0.6415 Train: 0.6631, Val:0.5702, Test: 0.5949, Time(s/epoch):0.0905
0.6153586506843567 0.6448646187782288 0.6527751684188843
Loss_clf:0.636 | Loss_dist:0.000 | Loss_kl:0.004
Adjusting learning rate of group 0 to 1.0000e-03.
Epoch: 035, Loss:0.6365 Train: 0.6650, Val:0.5719, Test: 0.5966, Time(s/epoch):0.1035
0.6193246841430664 0.6462893486022949 0.6560608148574829
Loss_clf:0.640 | Loss_dist:0.000 | Loss_kl:0.005
Adjusting learning rate of group 0 to 1.0000e-03.
Epoch: 036, Loss:0.6400 Train: 0.6657, Val:0.5719, Test: 0.5983, Time(s/epoch):0.1070
0.61304771900177 0.6410966515541077 0.6506713032722473
Loss_clf:0.634 | Loss_dist:0.000 | Loss_kl:0.004
Adjusting learning rate of group 0 to 1.0000e-03.
Epoch: 037, Loss:0.6337 Train: 0.6661, Val:0.5719, Test: 0.6034, Time(s/epoch):0.1095
0.6158013343811035 0.6442731022834778 0.6506742835044861
Loss_clf:0.636 | Loss_dist:0.000 | Loss_kl:0.005
Adjusting learning rate of group 0 to 1.0000e-03.
Epoch: 038, Loss:0.6363 Train: 0.6659, Val:0.5736, Test: 0.6068, Time(s/epoch):0.0895
0.6143997311592102 0.6426109075546265 0.6513977646827698
Loss_clf:0.635 | Loss_dist:0.000 | Loss_kl:0.005
Adjusting learning rate of group 0 to 1.0000e-03.
Epoch: 039, Loss:0.6354 Train: 0.6664, Val:0.5753, Test: 0.6051, Time(s/epoch):0.0815
0.6146426796913147 0.6442608833312988 0.6531047821044922
Loss_clf:0.636 | Loss_dist:0.000 | Loss_kl:0.004
Adjusting learning rate of group 0 to 1.0000e-03.
Epoch: 040, Loss:0.6358 Train: 0.6684, Val:0.5753, Test: 0.6085, Time(s/epoch):0.1005
0.6130285859107971 0.6398459672927856 0.6487830877304077
Loss_clf:0.633 | Loss_dist:0.000 | Loss_kl:0.005
Adjusting learning rate of group 0 to 1.0000e-03.
Epoch: 041, Loss:0.6333 Train: 0.6699, Val:0.5771, Test: 0.6085, Time(s/epoch):0.1095
0.6141872406005859 0.6420040130615234 0.6483880877494812
Loss_clf:0.634 | Loss_dist:0.000 | Loss_kl:0.004
Adjusting learning rate of group 0 to 1.0000e-03.
Epoch: 042, Loss:0.6340 Train: 0.6715, Val:0.5753, Test: 0.6051, Time(s/epoch):0.1069
0.6083863973617554 0.643264889717102 0.6471189260482788
Loss_clf:0.631 | Loss_dist:0.000 | Loss_kl:0.004
Adjusting learning rate of group 0 to 1.0000e-03.
Epoch: 043, Loss:0.6309 Train: 0.6722, Val:0.5771, Test: 0.6051, Time(s/epoch):0.1087
0.6091707348823547 0.6357725858688354 0.6421247720718384
Loss_clf:0.628 | Loss_dist:0.000 | Loss_kl:0.004
Adjusting learning rate of group 0 to 1.0000e-03.
Epoch: 044, Loss:0.6285 Train: 0.6724, Val:0.5771, Test: 0.6068, Time(s/epoch):0.1084
0.611764132976532 0.6390315890312195 0.6443445682525635
Loss_clf:0.631 | Loss_dist:0.000 | Loss_kl:0.004
Adjusting learning rate of group 0 to 1.0000e-03.
Epoch: 045, Loss:0.6311 Train: 0.6729, Val:0.5805, Test: 0.6068, Time(s/epoch):0.1089
0.6076598763465881 0.639744758605957 0.6430181860923767
Loss_clf:0.628 | Loss_dist:0.000 | Loss_kl:0.004
Adjusting learning rate of group 0 to 1.0000e-03.
Epoch: 046, Loss:0.6284 Train: 0.6743, Val:0.5788, Test: 0.6051, Time(s/epoch):0.1084
0.607956051826477 0.6354289650917053 0.6396759152412415
Loss_clf:0.628 | Loss_dist:0.000 | Loss_kl:0.005
Adjusting learning rate of group 0 to 1.0000e-03.
Epoch: 047, Loss:0.6280 Train: 0.6746, Val:0.5788, Test: 0.6051, Time(s/epoch):0.1091
0.6045143604278564 0.6333181858062744 0.6403523087501526
Loss_clf:0.625 | Loss_dist:0.000 | Loss_kl:0.004
Adjusting learning rate of group 0 to 1.0000e-03.
Epoch: 048, Loss:0.6250 Train: 0.6758, Val:0.5805, Test: 0.6051, Time(s/epoch):0.1060
0.6066993474960327 0.6327338814735413 0.6385135650634766
Loss_clf:0.625 | Loss_dist:0.000 | Loss_kl:0.004
Adjusting learning rate of group 0 to 1.0000e-03.
Epoch: 049, Loss:0.6252 Train: 0.6776, Val:0.5839, Test: 0.6051, Time(s/epoch):0.1083
0.6025692820549011 0.6297031044960022 0.6345787644386292
Loss_clf:0.622 | Loss_dist:0.000 | Loss_kl:0.004
Adjusting learning rate of group 0 to 1.0000e-03.
Epoch: 050, Loss:0.6216 Train: 0.6795, Val:0.5839, Test: 0.6051, Time(s/epoch):0.1070
0.6049590110778809 0.6341429352760315 0.6371101140975952
Loss_clf:0.625 | Loss_dist:0.000 | Loss_kl:0.004
Adjusting learning rate of group 0 to 1.0000e-03.
Epoch: 051, Loss:0.6247 Train: 0.6804, Val:0.5873, Test: 0.6051, Time(s/epoch):0.1082
0.6016730070114136 0.6349876523017883 0.6365737318992615
Loss_clf:0.623 | Loss_dist:0.000 | Loss_kl:0.004
Adjusting learning rate of group 0 to 1.0000e-03.
Epoch: 052, Loss:0.6228 Train: 0.6802, Val:0.5890, Test: 0.6051, Time(s/epoch):0.1087
0.6023626923561096 0.6261832118034363 0.6319705247879028
Loss_clf:0.619 | Loss_dist:0.000 | Loss_kl:0.003
Adjusting learning rate of group 0 to 1.0000e-03.
Epoch: 053, Loss:0.6193 Train: 0.6832, Val:0.5856, Test: 0.6051, Time(s/epoch):0.1091
0.598625898361206 0.6301962733268738 0.6359493732452393
Loss_clf:0.619 | Loss_dist:0.000 | Loss_kl:0.003
Adjusting learning rate of group 0 to 1.0000e-03.
Epoch: 054, Loss:0.6193 Train: 0.6858, Val:0.5873, Test: 0.6085, Time(s/epoch):0.1084
0.5998644232749939 0.6273033022880554 0.6299068331718445
Loss_clf:0.618 | Loss_dist:0.000 | Loss_kl:0.004
Adjusting learning rate of group 0 to 1.0000e-03.
Epoch: 055, Loss:0.6179 Train: 0.6882, Val:0.5890, Test: 0.6103, Time(s/epoch):0.1089
0.6007670760154724 0.6269480586051941 0.631698489189148
Loss_clf:0.619 | Loss_dist:0.000 | Loss_kl:0.003
Adjusting learning rate of group 0 to 1.0000e-03.
Epoch: 056, Loss:0.6186 Train: 0.6905, Val:0.5925, Test: 0.6120, Time(s/epoch):0.1059
0.5962283611297607 0.6231756806373596 0.6284796595573425
Loss_clf:0.615 | Loss_dist:0.000 | Loss_kl:0.004
Adjusting learning rate of group 0 to 1.0000e-03.
Epoch: 057, Loss:0.6150 Train: 0.6924, Val:0.5890, Test: 0.6137, Time(s/epoch):0.1088
0.5907473564147949 0.6222113370895386 0.6278446316719055
Loss_clf:0.612 | Loss_dist:0.000 | Loss_kl:0.004
Adjusting learning rate of group 0 to 1.0000e-03.
Epoch: 058, Loss:0.6116 Train: 0.6920, Val:0.5890, Test: 0.6137, Time(s/epoch):0.0915
0.5957679152488708 0.6260511875152588 0.6266205310821533
Loss_clf:0.615 | Loss_dist:0.000 | Loss_kl:0.004
Adjusting learning rate of group 0 to 1.0000e-03.
Epoch: 059, Loss:0.6147 Train: 0.6938, Val:0.5890, Test: 0.6120, Time(s/epoch):0.1028
0.5958819389343262 0.6223359704017639 0.6256514191627502
Loss_clf:0.613 | Loss_dist:0.000 | Loss_kl:0.003
Adjusting learning rate of group 0 to 1.0000e-03.
Epoch: 060, Loss:0.6134 Train: 0.6952, Val:0.5925, Test: 0.6137, Time(s/epoch):0.1095
0.5919666290283203 0.6176538467407227 0.6236265301704407
Loss_clf:0.610 | Loss_dist:0.000 | Loss_kl:0.003
Adjusting learning rate of group 0 to 1.0000e-03.
Epoch: 061, Loss:0.6098 Train: 0.6962, Val:0.5925, Test: 0.6171, Time(s/epoch):0.0927
0.5914925336837769 0.6255444288253784 0.6278195977210999
Loss_clf:0.613 | Loss_dist:0.000 | Loss_kl:0.004
Adjusting learning rate of group 0 to 1.0000e-03.
Epoch: 062, Loss:0.6131 Train: 0.6978, Val:0.5993, Test: 0.6239, Time(s/epoch):0.0821
0.5890848636627197 0.6200177073478699 0.6225996017456055
Loss_clf:0.609 | Loss_dist:0.000 | Loss_kl:0.004
Adjusting learning rate of group 0 to 1.0000e-03.
Epoch: 063, Loss:0.6092 Train: 0.6994, Val:0.5976, Test: 0.6222, Time(s/epoch):0.0746
0.5904780626296997 0.6203950047492981 0.622977614402771
Loss_clf:0.610 | Loss_dist:0.000 | Loss_kl:0.004
Adjusting learning rate of group 0 to 1.0000e-03.
Epoch: 064, Loss:0.6097 Train: 0.7009, Val:0.5942, Test: 0.6205, Time(s/epoch):0.0791
0.5905020236968994 0.6206886172294617 0.6225796341896057
Loss_clf:0.609 | Loss_dist:0.000 | Loss_kl:0.003
Adjusting learning rate of group 0 to 1.0000e-03.
Epoch: 065, Loss:0.6093 Train: 0.7018, Val:0.5942, Test: 0.6188, Time(s/epoch):0.0802
0.5912200808525085 0.6261835098266602 0.626762866973877
Loss_clf:0.613 | Loss_dist:0.000 | Loss_kl:0.004
Adjusting learning rate of group 0 to 1.0000e-03.
Epoch: 066, Loss:0.6126 Train: 0.7020, Val:0.5976, Test: 0.6239, Time(s/epoch):0.0996
0.5908216834068298 0.6204341053962708 0.6212507486343384
Loss_clf:0.609 | Loss_dist:0.000 | Loss_kl:0.003
Adjusting learning rate of group 0 to 1.0000e-03.
Epoch: 067, Loss:0.6091 Train: 0.7030, Val:0.5959, Test: 0.6188, Time(s/epoch):0.1096
0.5853232741355896 0.6130779385566711 0.614507257938385
Loss_clf:0.603 | Loss_dist:0.000 | Loss_kl:0.003
Adjusting learning rate of group 0 to 1.0000e-03.
Epoch: 068, Loss:0.6028 Train: 0.7037, Val:0.5942, Test: 0.6137, Time(s/epoch):0.1077
0.5854130387306213 0.6122345328330994 0.6147623062133789
Loss_clf:0.603 | Loss_dist:0.000 | Loss_kl:0.003
Adjusting learning rate of group 0 to 1.0000e-03.
Epoch: 069, Loss:0.6027 Train: 0.7061, Val:0.5890, Test: 0.6137, Time(s/epoch):0.1085
0.5881799459457397 0.6211228966712952 0.6214191317558289
Loss_clf:0.608 | Loss_dist:0.000 | Loss_kl:0.004
Adjusting learning rate of group 0 to 1.0000e-03.
Epoch: 070, Loss:0.6083 Train: 0.7048, Val:0.5925, Test: 0.6137, Time(s/epoch):0.1089
0.5914009213447571 0.6181442737579346 0.6173171401023865
Loss_clf:0.608 | Loss_dist:0.000 | Loss_kl:0.004
Adjusting learning rate of group 0 to 1.0000e-03.
Epoch: 071, Loss:0.6083 Train: 0.7075, Val:0.5942, Test: 0.6188, Time(s/epoch):0.1089
0.5865300297737122 0.6156747341156006 0.6171894073486328
Loss_clf:0.605 | Loss_dist:0.000 | Loss_kl:0.003
Adjusting learning rate of group 0 to 1.0000e-03.
Epoch: 072, Loss:0.6049 Train: 0.7095, Val:0.5993, Test: 0.6222, Time(s/epoch):0.1071
0.587094783782959 0.6090912818908691 0.6124135851860046
Loss_clf:0.602 | Loss_dist:0.000 | Loss_kl:0.003
Adjusting learning rate of group 0 to 1.0000e-03.
Epoch: 073, Loss:0.6020 Train: 0.7119, Val:0.5959, Test: 0.6205, Time(s/epoch):0.0904
0.584399402141571 0.6158341765403748 0.6183422207832336
Loss_clf:0.604 | Loss_dist:0.000 | Loss_kl:0.003
Adjusting learning rate of group 0 to 1.0000e-03.
Epoch: 074, Loss:0.6036 Train: 0.7119, Val:0.6010, Test: 0.6239, Time(s/epoch):0.0813
0.5829766988754272 0.6141017079353333 0.6160257458686829
Loss_clf:0.603 | Loss_dist:0.000 | Loss_kl:0.004
Adjusting learning rate of group 0 to 1.0000e-03.
Epoch: 075, Loss:0.6027 Train: 0.7112, Val:0.5993, Test: 0.6188, Time(s/epoch):0.0737
0.5817081332206726 0.6125847101211548 0.6143569946289062
Loss_clf:0.601 | Loss_dist:0.000 | Loss_kl:0.003
Adjusting learning rate of group 0 to 1.0000e-03.
Epoch: 076, Loss:0.6007 Train: 0.7107, Val:0.5959, Test: 0.6256, Time(s/epoch):0.0721
0.5835007429122925 0.6161420941352844 0.6165476441383362
Loss_clf:0.603 | Loss_dist:0.000 | Loss_kl:0.003
Adjusting learning rate of group 0 to 1.0000e-03.
Epoch: 077, Loss:0.6032 Train: 0.7114, Val:0.5976, Test: 0.6256, Time(s/epoch):0.1003
0.5833194255828857 0.607639491558075 0.6087939739227295
Loss_clf:0.599 | Loss_dist:0.000 | Loss_kl:0.003
Adjusting learning rate of group 0 to 1.0000e-03.
Epoch: 078, Loss:0.5990 Train: 0.7129, Val:0.5959, Test: 0.6256, Time(s/epoch):0.0909
0.57468581199646 0.6101452112197876 0.6101605296134949
Loss_clf:0.596 | Loss_dist:0.000 | Loss_kl:0.003
Adjusting learning rate of group 0 to 1.0000e-03.
Epoch: 079, Loss:0.5956 Train: 0.7140, Val:0.5942, Test: 0.6256, Time(s/epoch):0.1031
0.5798202753067017 0.6082460284233093 0.609592080116272
Loss_clf:0.597 | Loss_dist:0.000 | Loss_kl:0.003
Adjusting learning rate of group 0 to 1.0000e-03.
Epoch: 080, Loss:0.5973 Train: 0.7156, Val:0.5942, Test: 0.6274, Time(s/epoch):0.1072
0.5800735354423523 0.6042274236679077 0.6066296696662903
Loss_clf:0.596 | Loss_dist:0.000 | Loss_kl:0.003
Adjusting learning rate of group 0 to 1.0000e-03.
Epoch: 081, Loss:0.5956 Train: 0.7154, Val:0.5942, Test: 0.6222, Time(s/epoch):0.0888
0.5795929431915283 0.6127311587333679 0.613689124584198
Loss_clf:0.599 | Loss_dist:0.000 | Loss_kl:0.003
Adjusting learning rate of group 0 to 1.0000e-03.
Epoch: 082, Loss:0.5994 Train: 0.7129, Val:0.6010, Test: 0.6239, Time(s/epoch):0.0806
0.5781976580619812 0.6025004386901855 0.6053490042686462
Loss_clf:0.594 | Loss_dist:0.000 | Loss_kl:0.003
Adjusting learning rate of group 0 to 1.0000e-03.
Epoch: 083, Loss:0.5940 Train: 0.7131, Val:0.6062, Test: 0.6274, Time(s/epoch):0.0806
0.5819709897041321 0.6056272983551025 0.6057343482971191
Loss_clf:0.597 | Loss_dist:0.000 | Loss_kl:0.003
Adjusting learning rate of group 0 to 1.0000e-03.
Epoch: 084, Loss:0.5967 Train: 0.7135, Val:0.6010, Test: 0.6256, Time(s/epoch):0.0793
0.5771011114120483 0.6020529866218567 0.6036979556083679
Loss_clf:0.593 | Loss_dist:0.000 | Loss_kl:0.003
Adjusting learning rate of group 0 to 1.0000e-03.
Epoch: 085, Loss:0.5928 Train: 0.7145, Val:0.5976, Test: 0.6239, Time(s/epoch):0.0990
0.5734248161315918 0.5995770692825317 0.6017610430717468
Loss_clf:0.590 | Loss_dist:0.000 | Loss_kl:0.003
Adjusting learning rate of group 0 to 1.0000e-03.
Epoch: 086, Loss:0.5897 Train: 0.7157, Val:0.5959, Test: 0.6274, Time(s/epoch):0.1065
0.5781811475753784 0.6035073399543762 0.6031036972999573
Loss_clf:0.593 | Loss_dist:0.000 | Loss_kl:0.003
Adjusting learning rate of group 0 to 1.0000e-03.
Epoch: 087, Loss:0.5934 Train: 0.7182, Val:0.5959, Test: 0.6256, Time(s/epoch):0.0831
0.575923502445221 0.6046645641326904 0.6023707389831543
Loss_clf:0.592 | Loss_dist:0.000 | Loss_kl:0.003
Adjusting learning rate of group 0 to 1.0000e-03.
Epoch: 088, Loss:0.5923 Train: 0.7161, Val:0.5959, Test: 0.6239, Time(s/epoch):0.0998
0.5744109153747559 0.6003146767616272 0.6004473567008972
Loss_clf:0.590 | Loss_dist:0.000 | Loss_kl:0.003
Adjusting learning rate of group 0 to 1.0000e-03.
Epoch: 089, Loss:0.5901 Train: 0.7171, Val:0.5993, Test: 0.6222, Time(s/epoch):0.1083
0.5713385343551636 0.5996198654174805 0.5992691516876221
Loss_clf:0.588 | Loss_dist:0.000 | Loss_kl:0.003
Adjusting learning rate of group 0 to 1.0000e-03.
Epoch: 090, Loss:0.5882 Train: 0.7192, Val:0.5942, Test: 0.6205, Time(s/epoch):0.1082
0.5738633871078491 0.5928452610969543 0.5939331650733948
Loss_clf:0.586 | Loss_dist:0.000 | Loss_kl:0.003
Adjusting learning rate of group 0 to 1.0000e-03.
Epoch: 091, Loss:0.5863 Train: 0.7189, Val:0.6010, Test: 0.6239, Time(s/epoch):0.1092
0.5696581602096558 0.5984411239624023 0.5987236499786377
Loss_clf:0.587 | Loss_dist:0.000 | Loss_kl:0.003
Adjusting learning rate of group 0 to 1.0000e-03.
Epoch: 092, Loss:0.5868 Train: 0.7176, Val:0.6010, Test: 0.6256, Time(s/epoch):0.0928
0.5754321217536926 0.6026490926742554 0.6012020111083984
Loss_clf:0.591 | Loss_dist:0.000 | Loss_kl:0.003
Adjusting learning rate of group 0 to 1.0000e-03.
Epoch: 093, Loss:0.5912 Train: 0.7182, Val:0.6010, Test: 0.6291, Time(s/epoch):0.1015
0.573929488658905 0.6018158197402954 0.6000121831893921
Loss_clf:0.590 | Loss_dist:0.000 | Loss_kl:0.003
Adjusting learning rate of group 0 to 1.0000e-03.
Epoch: 094, Loss:0.5900 Train: 0.7183, Val:0.5976, Test: 0.6308, Time(s/epoch):0.1081
0.5692708492279053 0.5948452353477478 0.5909411907196045
Loss_clf:0.584 | Loss_dist:0.000 | Loss_kl:0.002
Adjusting learning rate of group 0 to 1.0000e-03.
Epoch: 095, Loss:0.5836 Train: 0.7206, Val:0.5976, Test: 0.6325, Time(s/epoch):0.0896
0.5641801953315735 0.5941775441169739 0.5935709476470947
Loss_clf:0.582 | Loss_dist:0.000 | Loss_kl:0.003
Adjusting learning rate of group 0 to 1.0000e-03.
Epoch: 096, Loss:0.5816 Train: 0.7230, Val:0.5959, Test: 0.6274, Time(s/epoch):0.1017
0.5680437088012695 0.594872236251831 0.5928941369056702
Loss_clf:0.584 | Loss_dist:0.000 | Loss_kl:0.003
Adjusting learning rate of group 0 to 1.0000e-03.
Epoch: 097, Loss:0.5839 Train: 0.7220, Val:0.5873, Test: 0.6274, Time(s/epoch):0.1077
0.5688165426254272 0.5972323417663574 0.5956538915634155
Loss_clf:0.585 | Loss_dist:0.000 | Loss_kl:0.002
Adjusting learning rate of group 0 to 1.0000e-03.
Epoch: 098, Loss:0.5851 Train: 0.7206, Val:0.5856, Test: 0.6256, Time(s/epoch):0.0903
0.568736732006073 0.5888234972953796 0.5863885879516602
Loss_clf:0.581 | Loss_dist:0.000 | Loss_kl:0.003
Adjusting learning rate of group 0 to 1.0000e-03.
Epoch: 099, Loss:0.5808 Train: 0.7213, Val:0.5805, Test: 0.6274, Time(s/epoch):0.1002
0.5723564624786377 0.5920546650886536 0.5911179184913635
Loss_clf:0.585 | Loss_dist:0.000 | Loss_kl:0.003
Adjusting learning rate of group 0 to 1.0000e-04.
Epoch: 100, Loss:0.5849 Train: 0.7215, Val:0.5856, Test: 0.6256, Time(s/epoch):0.1124
0.5682317018508911 0.592451274394989 0.5914479494094849
Loss_clf:0.582 | Loss_dist:0.000 | Loss_kl:0.002
Adjusting learning rate of group 0 to 1.0000e-04.
Epoch: 101, Loss:0.5825 Train: 0.7215, Val:0.5839, Test: 0.6256, Time(s/epoch):0.1076
0.5656924247741699 0.5835707783699036 0.5819071531295776
Loss_clf:0.577 | Loss_dist:0.000 | Loss_kl:0.003
Adjusting learning rate of group 0 to 1.0000e-04.
Epoch: 102, Loss:0.5768 Train: 0.7223, Val:0.5822, Test: 0.6222, Time(s/epoch):0.1092
0.566567063331604 0.5965203046798706 0.5935418605804443
Loss_clf:0.583 | Loss_dist:0.000 | Loss_kl:0.002
Adjusting learning rate of group 0 to 1.0000e-04.
Epoch: 103, Loss:0.5832 Train: 0.7220, Val:0.5822, Test: 0.6222, Time(s/epoch):0.0896
0.5649965405464172 0.5868483781814575 0.58632892370224
Loss_clf:0.578 | Loss_dist:0.000 | Loss_kl:0.003
Adjusting learning rate of group 0 to 1.0000e-04.
Epoch: 104, Loss:0.5783 Train: 0.7229, Val:0.5788, Test: 0.6239, Time(s/epoch):0.1018
0.5663978457450867 0.5894854664802551 0.5896350145339966
Loss_clf:0.580 | Loss_dist:0.000 | Loss_kl:0.002
Adjusting learning rate of group 0 to 1.0000e-04.
Epoch: 105, Loss:0.5803 Train: 0.7237, Val:0.5788, Test: 0.6239, Time(s/epoch):0.1021
0.5663506984710693 0.5898923873901367 0.5881121754646301
Loss_clf:0.580 | Loss_dist:0.000 | Loss_kl:0.002
Adjusting learning rate of group 0 to 1.0000e-04.
Epoch: 106, Loss:0.5800 Train: 0.7237, Val:0.5771, Test: 0.6239, Time(s/epoch):0.0869
0.5681829452514648 0.5878444314002991 0.5882300138473511
Loss_clf:0.580 | Loss_dist:0.000 | Loss_kl:0.002
Adjusting learning rate of group 0 to 1.0000e-04.
Epoch: 107, Loss:0.5805 Train: 0.7243, Val:0.5771, Test: 0.6256, Time(s/epoch):0.1021
0.5609825253486633 0.587456464767456 0.5856064558029175
Loss_clf:0.576 | Loss_dist:0.000 | Loss_kl:0.002
Adjusting learning rate of group 0 to 1.0000e-04.
Epoch: 108, Loss:0.5762 Train: 0.7246, Val:0.5771, Test: 0.6256, Time(s/epoch):0.1089
0.5700121521949768 0.5909784436225891 0.5906753540039062
Loss_clf:0.583 | Loss_dist:0.000 | Loss_kl:0.002
Adjusting learning rate of group 0 to 1.0000e-04.
Epoch: 109, Loss:0.5829 Train: 0.7241, Val:0.5788, Test: 0.6291, Time(s/epoch):0.1093
0.5665804147720337 0.5967023968696594 0.5947962403297424
Loss_clf:0.583 | Loss_dist:0.000 | Loss_kl:0.002
Adjusting learning rate of group 0 to 1.0000e-04.
Epoch: 110, Loss:0.5834 Train: 0.7250, Val:0.5805, Test: 0.6325, Time(s/epoch):0.0896
0.5651857256889343 0.5921162366867065 0.5898606777191162
Loss_clf:0.581 | Loss_dist:0.000 | Loss_kl:0.002
Adjusting learning rate of group 0 to 1.0000e-04.
Epoch: 111, Loss:0.5805 Train: 0.7258, Val:0.5856, Test: 0.6274, Time(s/epoch):0.1024
0.5648195147514343 0.5868011713027954 0.5863037705421448
Loss_clf:0.578 | Loss_dist:0.000 | Loss_kl:0.002
Adjusting learning rate of group 0 to 1.0000e-04.
Epoch: 112, Loss:0.5780 Train: 0.7258, Val:0.5873, Test: 0.6274, Time(s/epoch):0.1082
0.5649572014808655 0.5904446840286255 0.5884678959846497
Loss_clf:0.579 | Loss_dist:0.000 | Loss_kl:0.002
Adjusting learning rate of group 0 to 1.0000e-04.
Epoch: 113, Loss:0.5795 Train: 0.7255, Val:0.5873, Test: 0.6308, Time(s/epoch):0.1088
0.5641000866889954 0.5901907086372375 0.5883974432945251
Loss_clf:0.579 | Loss_dist:0.000 | Loss_kl:0.002
Adjusting learning rate of group 0 to 1.0000e-04.
Epoch: 114, Loss:0.5791 Train: 0.7257, Val:0.5873, Test: 0.6308, Time(s/epoch):0.1079
0.5684596300125122 0.5922147035598755 0.5890213251113892
Loss_clf:0.582 | Loss_dist:0.000 | Loss_kl:0.002
Adjusting learning rate of group 0 to 1.0000e-04.
Epoch: 115, Loss:0.5818 Train: 0.7264, Val:0.5873, Test: 0.6291, Time(s/epoch):0.1069
0.5643045902252197 0.586803138256073 0.5850353240966797
Loss_clf:0.577 | Loss_dist:0.000 | Loss_kl:0.002
Adjusting learning rate of group 0 to 1.0000e-04.
Epoch: 116, Loss:0.5773 Train: 0.7260, Val:0.5890, Test: 0.6291, Time(s/epoch):0.0931
0.5637578964233398 0.5921674966812134 0.5902428030967712
Loss_clf:0.580 | Loss_dist:0.000 | Loss_kl:0.002
Adjusting learning rate of group 0 to 1.0000e-04.
Epoch: 117, Loss:0.5796 Train: 0.7258, Val:0.5908, Test: 0.6308, Time(s/epoch):0.1024
0.56247478723526 0.5816518068313599 0.5786311626434326
Loss_clf:0.574 | Loss_dist:0.000 | Loss_kl:0.002
Adjusting learning rate of group 0 to 1.0000e-04.
Epoch: 118, Loss:0.5737 Train: 0.7264, Val:0.5942, Test: 0.6325, Time(s/epoch):0.1088
0.5647938251495361 0.5903092622756958 0.5874215364456177
Loss_clf:0.579 | Loss_dist:0.000 | Loss_kl:0.002
Adjusting learning rate of group 0 to 1.0000e-04.
Epoch: 119, Loss:0.5791 Train: 0.7267, Val:0.5942, Test: 0.6325, Time(s/epoch):0.1086
0.5665173530578613 0.5896949768066406 0.5854324698448181
Loss_clf:0.579 | Loss_dist:0.000 | Loss_kl:0.002
Adjusting learning rate of group 0 to 1.0000e-04.
Epoch: 120, Loss:0.5793 Train: 0.7267, Val:0.5925, Test: 0.6325, Time(s/epoch):0.1088
0.5610753297805786 0.5816764235496521 0.582223117351532
Loss_clf:0.574 | Loss_dist:0.000 | Loss_kl:0.002
Adjusting learning rate of group 0 to 1.0000e-04.
Epoch: 121, Loss:0.5737 Train: 0.7269, Val:0.5942, Test: 0.6325, Time(s/epoch):0.1039
0.5666724443435669 0.5879544019699097 0.5865129232406616
Loss_clf:0.579 | Loss_dist:0.000 | Loss_kl:0.002
Adjusting learning rate of group 0 to 1.0000e-04.
Epoch: 122, Loss:0.5792 Train: 0.7257, Val:0.5925, Test: 0.6325, Time(s/epoch):0.1059
0.5643353462219238 0.5784446597099304 0.5766297578811646
Loss_clf:0.573 | Loss_dist:0.000 | Loss_kl:0.002
Adjusting learning rate of group 0 to 1.0000e-04.
Epoch: 123, Loss:0.5732 Train: 0.7241, Val:0.5942, Test: 0.6308, Time(s/epoch):0.1079
0.5613309144973755 0.5809361338615417 0.5780802369117737
Loss_clf:0.573 | Loss_dist:0.000 | Loss_kl:0.002
Adjusting learning rate of group 0 to 1.0000e-04.
Epoch: 124, Loss:0.5726 Train: 0.7248, Val:0.5925, Test: 0.6291, Time(s/epoch):0.1091
0.5629647374153137 0.5847319960594177 0.5815719366073608
Loss_clf:0.575 | Loss_dist:0.000 | Loss_kl:0.002
Adjusting learning rate of group 0 to 1.0000e-04.
Epoch: 125, Loss:0.5752 Train: 0.7251, Val:0.5942, Test: 0.6291, Time(s/epoch):0.0918
0.5603038668632507 0.5849795341491699 0.5858117341995239
Loss_clf:0.575 | Loss_dist:0.000 | Loss_kl:0.002
Adjusting learning rate of group 0 to 1.0000e-04.
Epoch: 126, Loss:0.5750 Train: 0.7255, Val:0.5942, Test: 0.6291, Time(s/epoch):0.1010
0.5612314343452454 0.5812054872512817 0.5803848505020142
Loss_clf:0.573 | Loss_dist:0.000 | Loss_kl:0.002
Adjusting learning rate of group 0 to 1.0000e-04.
Epoch: 127, Loss:0.5732 Train: 0.7272, Val:0.5925, Test: 0.6308, Time(s/epoch):0.1095
0.5630179643630981 0.58307945728302 0.582068145275116
Loss_clf:0.575 | Loss_dist:0.000 | Loss_kl:0.002
Adjusting learning rate of group 0 to 1.0000e-04.
Epoch: 128, Loss:0.5750 Train: 0.7284, Val:0.5925, Test: 0.6308, Time(s/epoch):0.1073
0.564034640789032 0.5816816091537476 0.5790689587593079
Loss_clf:0.574 | Loss_dist:0.000 | Loss_kl:0.002
Adjusting learning rate of group 0 to 1.0000e-04.
Epoch: 129, Loss:0.5743 Train: 0.7286, Val:0.5925, Test: 0.6308, Time(s/epoch):0.1096
0.5582839250564575 0.5798069834709167 0.5764647126197815
Loss_clf:0.570 | Loss_dist:0.000 | Loss_kl:0.002
Adjusting learning rate of group 0 to 1.0000e-04.
Epoch: 130, Loss:0.5704 Train: 0.7295, Val:0.5925, Test: 0.6308, Time(s/epoch):0.1086
0.5578526854515076 0.5856162905693054 0.5839033722877502
Loss_clf:0.573 | Loss_dist:0.000 | Loss_kl:0.002
Adjusting learning rate of group 0 to 1.0000e-04.
Epoch: 131, Loss:0.5735 Train: 0.7293, Val:0.5925, Test: 0.6308, Time(s/epoch):0.1091
0.5617650151252747 0.5826392769813538 0.5807604789733887
Loss_clf:0.574 | Loss_dist:0.000 | Loss_kl:0.002
Adjusting learning rate of group 0 to 1.0000e-04.
Epoch: 132, Loss:0.5738 Train: 0.7295, Val:0.5908, Test: 0.6308, Time(s/epoch):0.1077
0.5618164539337158 0.584118127822876 0.5828588008880615
Loss_clf:0.575 | Loss_dist:0.000 | Loss_kl:0.002
Adjusting learning rate of group 0 to 1.0000e-04.
Epoch: 133, Loss:0.5749 Train: 0.7298, Val:0.5925, Test: 0.6308, Time(s/epoch):0.1010
0.5615445971488953 0.5864965319633484 0.5855036973953247
Loss_clf:0.576 | Loss_dist:0.000 | Loss_kl:0.002
Adjusting learning rate of group 0 to 1.0000e-04.
Epoch: 134, Loss:0.5760 Train: 0.7297, Val:0.5959, Test: 0.6308, Time(s/epoch):0.0841
0.5596902370452881 0.5794217586517334 0.5783411860466003
Loss_clf:0.571 | Loss_dist:0.000 | Loss_kl:0.002
Adjusting learning rate of group 0 to 1.0000e-04.
Epoch: 135, Loss:0.5715 Train: 0.7302, Val:0.5959, Test: 0.6308, Time(s/epoch):0.0800
0.554431676864624 0.5798144340515137 0.5757161378860474
Loss_clf:0.568 | Loss_dist:0.000 | Loss_kl:0.002
Adjusting learning rate of group 0 to 1.0000e-04.
Epoch: 136, Loss:0.5683 Train: 0.7291, Val:0.5942, Test: 0.6291, Time(s/epoch):0.0988
0.5612952709197998 0.583861768245697 0.5811732411384583
Loss_clf:0.574 | Loss_dist:0.000 | Loss_kl:0.002
Adjusting learning rate of group 0 to 1.0000e-04.
Epoch: 137, Loss:0.5741 Train: 0.7286, Val:0.5976, Test: 0.6256, Time(s/epoch):0.1075
0.5587599277496338 0.5864800810813904 0.5860660672187805
Loss_clf:0.575 | Loss_dist:0.000 | Loss_kl:0.002
Adjusting learning rate of group 0 to 1.0000e-04.
Epoch: 138, Loss:0.5746 Train: 0.7290, Val:0.6010, Test: 0.6274, Time(s/epoch):0.1071
0.5602331757545471 0.5835224986076355 0.5811243653297424
Loss_clf:0.573 | Loss_dist:0.000 | Loss_kl:0.002
Adjusting learning rate of group 0 to 1.0000e-04.
Epoch: 139, Loss:0.5733 Train: 0.7302, Val:0.6010, Test: 0.6274, Time(s/epoch):0.1068
0.5620225071907043 0.5794025659561157 0.578302800655365
Loss_clf:0.572 | Loss_dist:0.000 | Loss_kl:0.002
Adjusting learning rate of group 0 to 1.0000e-04.
Epoch: 140, Loss:0.5725 Train: 0.7305, Val:0.6010, Test: 0.6291, Time(s/epoch):0.1049
0.5563226342201233 0.5804433822631836 0.5780537128448486
Loss_clf:0.570 | Loss_dist:0.000 | Loss_kl:0.002
Adjusting learning rate of group 0 to 1.0000e-04.
Epoch: 141, Loss:0.5698 Train: 0.7311, Val:0.6010, Test: 0.6291, Time(s/epoch):0.1073
0.5576055645942688 0.5787972807884216 0.5768177509307861
Loss_clf:0.570 | Loss_dist:0.000 | Loss_kl:0.002
Adjusting learning rate of group 0 to 1.0000e-04.
Epoch: 142, Loss:0.5700 Train: 0.7305, Val:0.6010, Test: 0.6291, Time(s/epoch):0.1088
0.5554026365280151 0.5741773843765259 0.571599006652832
Loss_clf:0.566 | Loss_dist:0.000 | Loss_kl:0.002
Adjusting learning rate of group 0 to 1.0000e-04.
Epoch: 143, Loss:0.5662 Train: 0.7309, Val:0.5993, Test: 0.6291, Time(s/epoch):0.1081
0.5581433773040771 0.5792890191078186 0.5784751176834106
Loss_clf:0.571 | Loss_dist:0.000 | Loss_kl:0.002
Adjusting learning rate of group 0 to 1.0000e-04.
Epoch: 144, Loss:0.5706 Train: 0.7305, Val:0.6010, Test: 0.6291, Time(s/epoch):0.1068
0.5604309439659119 0.5798837542533875 0.5783435702323914
Loss_clf:0.572 | Loss_dist:0.000 | Loss_kl:0.002
Adjusting learning rate of group 0 to 1.0000e-04.
Epoch: 145, Loss:0.5719 Train: 0.7319, Val:0.6010, Test: 0.6308, Time(s/epoch):0.0896
0.5549494028091431 0.5746831893920898 0.5717231035232544
Loss_clf:0.566 | Loss_dist:0.000 | Loss_kl:0.002
Adjusting learning rate of group 0 to 1.0000e-04.
Epoch: 146, Loss:0.5664 Train: 0.7318, Val:0.6010, Test: 0.6308, Time(s/epoch):0.1020
0.557817280292511 0.5789483785629272 0.5743692517280579
Loss_clf:0.570 | Loss_dist:0.000 | Loss_kl:0.002
Adjusting learning rate of group 0 to 1.0000e-04.
Epoch: 147, Loss:0.5696 Train: 0.7319, Val:0.6027, Test: 0.6325, Time(s/epoch):0.1084
0.5577086806297302 0.5784803628921509 0.5775024890899658
Loss_clf:0.570 | Loss_dist:0.000 | Loss_kl:0.002
Adjusting learning rate of group 0 to 1.0000e-04.
Epoch: 148, Loss:0.5700 Train: 0.7312, Val:0.6010, Test: 0.6342, Time(s/epoch):0.0912
0.5572377443313599 0.5801724791526794 0.5777316689491272
Loss_clf:0.570 | Loss_dist:0.000 | Loss_kl:0.002
Adjusting learning rate of group 0 to 1.0000e-04.
Epoch: 149, Loss:0.5703 Train: 0.7314, Val:0.6027, Test: 0.6359, Time(s/epoch):0.1034
0.5610277056694031 0.5718677043914795 0.5711208581924438
Loss_clf:0.568 | Loss_dist:0.000 | Loss_kl:0.002
Adjusting learning rate of group 0 to 1.0000e-04.
Epoch: 150, Loss:0.5684 Train: 0.7316, Val:0.6027, Test: 0.6342, Time(s/epoch):0.0908
0.554820716381073 0.5787111520767212 0.575002908706665
Loss_clf:0.568 | Loss_dist:0.000 | Loss_kl:0.002
Adjusting learning rate of group 0 to 1.0000e-04.
Epoch: 151, Loss:0.5679 Train: 0.7316, Val:0.6010, Test: 0.6359, Time(s/epoch):0.0826
0.5615993738174438 0.5750287771224976 0.5733388066291809
Loss_clf:0.570 | Loss_dist:0.000 | Loss_kl:0.002
Adjusting learning rate of group 0 to 1.0000e-04.
Epoch: 152, Loss:0.5700 Train: 0.7321, Val:0.6010, Test: 0.6342, Time(s/epoch):0.0998
0.5579633712768555 0.5784282088279724 0.5768630504608154
Loss_clf:0.570 | Loss_dist:0.000 | Loss_kl:0.002
Adjusting learning rate of group 0 to 1.0000e-04.
Epoch: 153, Loss:0.5699 Train: 0.7331, Val:0.6010, Test: 0.6342, Time(s/epoch):0.1095
0.561816930770874 0.5801805257797241 0.5776304006576538
Loss_clf:0.572 | Loss_dist:0.000 | Loss_kl:0.002
Adjusting learning rate of group 0 to 1.0000e-04.
Epoch: 154, Loss:0.5725 Train: 0.7342, Val:0.6010, Test: 0.6359, Time(s/epoch):0.1084
0.5547255873680115 0.5809817314147949 0.5770626068115234
Loss_clf:0.569 | Loss_dist:0.000 | Loss_kl:0.002
Adjusting learning rate of group 0 to 1.0000e-04.
Epoch: 155, Loss:0.5691 Train: 0.7349, Val:0.6010, Test: 0.6376, Time(s/epoch):0.1094
0.5600934624671936 0.5823622941970825 0.580583393573761
Loss_clf:0.573 | Loss_dist:0.000 | Loss_kl:0.002
Adjusting learning rate of group 0 to 1.0000e-04.
Epoch: 156, Loss:0.5729 Train: 0.7351, Val:0.6010, Test: 0.6376, Time(s/epoch):0.1062
0.5533913969993591 0.5759009122848511 0.5723997950553894
Loss_clf:0.566 | Loss_dist:0.000 | Loss_kl:0.002
Adjusting learning rate of group 0 to 1.0000e-04.
Epoch: 157, Loss:0.5660 Train: 0.7349, Val:0.6010, Test: 0.6359, Time(s/epoch):0.1002
0.55607670545578 0.5743579268455505 0.5697252750396729
Loss_clf:0.566 | Loss_dist:0.000 | Loss_kl:0.002
Adjusting learning rate of group 0 to 1.0000e-04.
Epoch: 158, Loss:0.5662 Train: 0.7349, Val:0.6010, Test: 0.6359, Time(s/epoch):0.0803
0.555972158908844 0.5711897611618042 0.5710541009902954
Loss_clf:0.566 | Loss_dist:0.000 | Loss_kl:0.002
Adjusting learning rate of group 0 to 1.0000e-04.
Epoch: 159, Loss:0.5658 Train: 0.7351, Val:0.5993, Test: 0.6359, Time(s/epoch):0.0791
0.5569641590118408 0.5764386057853699 0.5745416283607483
Loss_clf:0.568 | Loss_dist:0.000 | Loss_kl:0.002
Adjusting learning rate of group 0 to 1.0000e-04.
Epoch: 160, Loss:0.5683 Train: 0.7351, Val:0.5976, Test: 0.6325, Time(s/epoch):0.0728
0.5552526116371155 0.5794852375984192 0.5753722786903381
Loss_clf:0.569 | Loss_dist:0.000 | Loss_kl:0.002
Adjusting learning rate of group 0 to 1.0000e-04.
Epoch: 161, Loss:0.5685 Train: 0.7358, Val:0.5976, Test: 0.6325, Time(s/epoch):0.0777
0.5602909326553345 0.5753551721572876 0.5743117332458496
Loss_clf:0.570 | Loss_dist:0.000 | Loss_kl:0.002
Adjusting learning rate of group 0 to 1.0000e-04.
Epoch: 162, Loss:0.5697 Train: 0.7349, Val:0.5976, Test: 0.6342, Time(s/epoch):0.0785
0.5526412725448608 0.5738088488578796 0.5730716586112976
Loss_clf:0.565 | Loss_dist:0.000 | Loss_kl:0.002
Adjusting learning rate of group 0 to 1.0000e-04.
Epoch: 163, Loss:0.5653 Train: 0.7356, Val:0.6010, Test: 0.6325, Time(s/epoch):0.0738
0.5578921437263489 0.577996015548706 0.574120044708252
Loss_clf:0.569 | Loss_dist:0.000 | Loss_kl:0.002
Adjusting learning rate of group 0 to 1.0000e-04.
Epoch: 164, Loss:0.5690 Train: 0.7358, Val:0.6010, Test: 0.6359, Time(s/epoch):0.0903
0.556953489780426 0.5789173245429993 0.5750506520271301
Loss_clf:0.569 | Loss_dist:0.000 | Loss_kl:0.002
Adjusting learning rate of group 0 to 1.0000e-04.
Epoch: 165, Loss:0.5691 Train: 0.7363, Val:0.6010, Test: 0.6359, Time(s/epoch):0.0977
0.5562574863433838 0.5803024172782898 0.5766502618789673
Loss_clf:0.569 | Loss_dist:0.000 | Loss_kl:0.002
Adjusting learning rate of group 0 to 1.0000e-04.
Epoch: 166, Loss:0.5695 Train: 0.7366, Val:0.6027, Test: 0.6376, Time(s/epoch):0.1021
0.5553736090660095 0.5698098540306091 0.5646427869796753
Loss_clf:0.564 | Loss_dist:0.000 | Loss_kl:0.002
Adjusting learning rate of group 0 to 1.0000e-04.
Epoch: 167, Loss:0.5635 Train: 0.7359, Val:0.6045, Test: 0.6393, Time(s/epoch):0.0908
0.5554957389831543 0.5776993632316589 0.574289083480835
Loss_clf:0.568 | Loss_dist:0.000 | Loss_kl:0.002
Adjusting learning rate of group 0 to 1.0000e-04.
Epoch: 168, Loss:0.5677 Train: 0.7366, Val:0.6045, Test: 0.6393, Time(s/epoch):0.0835
0.5567024350166321 0.5785096883773804 0.5755883455276489
Loss_clf:0.569 | Loss_dist:0.000 | Loss_kl:0.002
Adjusting learning rate of group 0 to 1.0000e-04.
Epoch: 169, Loss:0.5690 Train: 0.7361, Val:0.6045, Test: 0.6376, Time(s/epoch):0.1016
0.5490999221801758 0.5720384120941162 0.5683636665344238
Loss_clf:0.562 | Loss_dist:0.000 | Loss_kl:0.002
Adjusting learning rate of group 0 to 1.0000e-04.
Epoch: 170, Loss:0.5619 Train: 0.7359, Val:0.6045, Test: 0.6359, Time(s/epoch):0.0831
0.555006206035614 0.5739887356758118 0.570911169052124
Loss_clf:0.566 | Loss_dist:0.000 | Loss_kl:0.002
Adjusting learning rate of group 0 to 1.0000e-04.
Epoch: 171, Loss:0.5658 Train: 0.7363, Val:0.6045, Test: 0.6359, Time(s/epoch):0.1012
0.5507895946502686 0.571020245552063 0.5686466097831726
Loss_clf:0.562 | Loss_dist:0.000 | Loss_kl:0.002
Adjusting learning rate of group 0 to 1.0000e-04.
Epoch: 172, Loss:0.5625 Train: 0.7377, Val:0.6062, Test: 0.6359, Time(s/epoch):0.0928
0.5570828318595886 0.5764061212539673 0.5752668380737305
Loss_clf:0.568 | Loss_dist:0.000 | Loss_kl:0.002
Adjusting learning rate of group 0 to 1.0000e-04.
Epoch: 173, Loss:0.5685 Train: 0.7380, Val:0.6045, Test: 0.6376, Time(s/epoch):0.0845
0.553128719329834 0.5727108716964722 0.5702514052391052
Loss_clf:0.564 | Loss_dist:0.000 | Loss_kl:0.002
Adjusting learning rate of group 0 to 1.0000e-04.
Epoch: 174, Loss:0.5642 Train: 0.7382, Val:0.6027, Test: 0.6376, Time(s/epoch):0.1022
0.5535999536514282 0.565045952796936 0.5601891714401245
Loss_clf:0.561 | Loss_dist:0.000 | Loss_kl:0.002
Adjusting learning rate of group 0 to 1.0000e-04.
Epoch: 175, Loss:0.5607 Train: 0.7377, Val:0.6010, Test: 0.6376, Time(s/epoch):0.1059
0.5537346601486206 0.5703445076942444 0.568109393119812
Loss_clf:0.563 | Loss_dist:0.000 | Loss_kl:0.002
Adjusting learning rate of group 0 to 1.0000e-04.
Epoch: 176, Loss:0.5635 Train: 0.7379, Val:0.5993, Test: 0.6376, Time(s/epoch):0.0897
0.5567262768745422 0.5702311396598816 0.5680383443832397
Loss_clf:0.565 | Loss_dist:0.000 | Loss_kl:0.002
Adjusting learning rate of group 0 to 1.0000e-04.
Epoch: 177, Loss:0.5649 Train: 0.7391, Val:0.6010, Test: 0.6376, Time(s/epoch):0.1028
0.5588064789772034 0.5766600370407104 0.5734454393386841
Loss_clf:0.569 | Loss_dist:0.000 | Loss_kl:0.002
Adjusting learning rate of group 0 to 1.0000e-04.
Epoch: 178, Loss:0.5690 Train: 0.7389, Val:0.6027, Test: 0.6376, Time(s/epoch):0.1082
0.5494206547737122 0.5703927278518677 0.5681024193763733
Loss_clf:0.562 | Loss_dist:0.000 | Loss_kl:0.002
Adjusting learning rate of group 0 to 1.0000e-04.
Epoch: 179, Loss:0.5617 Train: 0.7398, Val:0.6027, Test: 0.6376, Time(s/epoch):0.0862
0.5559379458427429 0.5759007930755615 0.5728606581687927
Loss_clf:0.567 | Loss_dist:0.000 | Loss_kl:0.002
Adjusting learning rate of group 0 to 1.0000e-04.
Epoch: 180, Loss:0.5672 Train: 0.7399, Val:0.5993, Test: 0.6359, Time(s/epoch):0.0779
0.5575138926506042 0.5710268020629883 0.5682547688484192
Loss_clf:0.566 | Loss_dist:0.000 | Loss_kl:0.002
Adjusting learning rate of group 0 to 1.0000e-04.
Epoch: 181, Loss:0.5657 Train: 0.7403, Val:0.5993, Test: 0.6359, Time(s/epoch):0.0792
0.555324375629425 0.5709741711616516 0.5691720843315125
Loss_clf:0.565 | Loss_dist:0.000 | Loss_kl:0.002
Adjusting learning rate of group 0 to 1.0000e-04.
Epoch: 182, Loss:0.5648 Train: 0.7399, Val:0.5976, Test: 0.6359, Time(s/epoch):0.0759
0.5591480135917664 0.5772086977958679 0.573775589466095
Loss_clf:0.569 | Loss_dist:0.000 | Loss_kl:0.002
Adjusting learning rate of group 0 to 1.0000e-04.
Epoch: 183, Loss:0.5695 Train: 0.7401, Val:0.6027, Test: 0.6342, Time(s/epoch):0.0726
0.5587031245231628 0.5727752447128296 0.5716564655303955
Loss_clf:0.567 | Loss_dist:0.000 | Loss_kl:0.002
Adjusting learning rate of group 0 to 1.0000e-04.
Epoch: 184, Loss:0.5675 Train: 0.7406, Val:0.6010, Test: 0.6342, Time(s/epoch):0.0793
0.5552613139152527 0.5747888088226318 0.5730105638504028
Loss_clf:0.567 | Loss_dist:0.000 | Loss_kl:0.002
Adjusting learning rate of group 0 to 1.0000e-04.
Epoch: 185, Loss:0.5667 Train: 0.7398, Val:0.6045, Test: 0.6342, Time(s/epoch):0.0743
0.5483262538909912 0.5710591077804565 0.5685141086578369
Loss_clf:0.561 | Loss_dist:0.000 | Loss_kl:0.002
Adjusting learning rate of group 0 to 1.0000e-04.
Epoch: 186, Loss:0.5612 Train: 0.7384, Val:0.6027, Test: 0.6342, Time(s/epoch):0.1012
0.5528826713562012 0.5704149007797241 0.5679546594619751
Loss_clf:0.563 | Loss_dist:0.000 | Loss_kl:0.002
Adjusting learning rate of group 0 to 1.0000e-04.
Epoch: 187, Loss:0.5631 Train: 0.7382, Val:0.6045, Test: 0.6342, Time(s/epoch):0.0915
0.5547993779182434 0.5770899057388306 0.5751625895500183
Loss_clf:0.567 | Loss_dist:0.000 | Loss_kl:0.002
Adjusting learning rate of group 0 to 1.0000e-04.
Epoch: 188, Loss:0.5675 Train: 0.7384, Val:0.6027, Test: 0.6359, Time(s/epoch):0.1022
0.5564370155334473 0.5721337795257568 0.5685145854949951
Loss_clf:0.565 | Loss_dist:0.000 | Loss_kl:0.002
Adjusting learning rate of group 0 to 1.0000e-04.
Epoch: 189, Loss:0.5654 Train: 0.7385, Val:0.6027, Test: 0.6342, Time(s/epoch):0.0903
0.5571470260620117 0.5772788524627686 0.5745761394500732
Loss_clf:0.569 | Loss_dist:0.000 | Loss_kl:0.002
Adjusting learning rate of group 0 to 1.0000e-04.
Epoch: 190, Loss:0.5687 Train: 0.7380, Val:0.6010, Test: 0.6342, Time(s/epoch):0.1027
0.5508383512496948 0.5727670192718506 0.5686525106430054
Loss_clf:0.563 | Loss_dist:0.000 | Loss_kl:0.002
Adjusting learning rate of group 0 to 1.0000e-04.
Epoch: 191, Loss:0.5629 Train: 0.7394, Val:0.6010, Test: 0.6342, Time(s/epoch):0.1075
0.5548253059387207 0.5736560821533203 0.5694885849952698
Loss_clf:0.565 | Loss_dist:0.000 | Loss_kl:0.002
Adjusting learning rate of group 0 to 1.0000e-04.
Epoch: 192, Loss:0.5653 Train: 0.7408, Val:0.6027, Test: 0.6342, Time(s/epoch):0.0911
0.5495560765266418 0.5694995522499084 0.5660302042961121
Loss_clf:0.561 | Loss_dist:0.000 | Loss_kl:0.002
Adjusting learning rate of group 0 to 1.0000e-04.
Epoch: 193, Loss:0.5607 Train: 0.7415, Val:0.6010, Test: 0.6342, Time(s/epoch):0.0820
0.5559364557266235 0.5737446546554565 0.5729933977127075
Loss_clf:0.567 | Loss_dist:0.000 | Loss_kl:0.002
Adjusting learning rate of group 0 to 1.0000e-04.
Epoch: 194, Loss:0.5667 Train: 0.7417, Val:0.6027, Test: 0.6342, Time(s/epoch):0.1014
0.5575408935546875 0.5745466947555542 0.5699418783187866
Loss_clf:0.567 | Loss_dist:0.000 | Loss_kl:0.002
Adjusting learning rate of group 0 to 1.0000e-04.
Epoch: 195, Loss:0.5670 Train: 0.7408, Val:0.6027, Test: 0.6342, Time(s/epoch):0.1077
0.5546992421150208 0.5700675845146179 0.5668131113052368
Loss_clf:0.564 | Loss_dist:0.000 | Loss_kl:0.002
Adjusting learning rate of group 0 to 1.0000e-04.
Epoch: 196, Loss:0.5635 Train: 0.7413, Val:0.6027, Test: 0.6359, Time(s/epoch):0.1096
0.5543434023857117 0.5789816379547119 0.5749087333679199
Loss_clf:0.568 | Loss_dist:0.000 | Loss_kl:0.002
Adjusting learning rate of group 0 to 1.0000e-04.
Epoch: 197, Loss:0.5677 Train: 0.7415, Val:0.6010, Test: 0.6359, Time(s/epoch):0.1045
0.5530290007591248 0.5715705156326294 0.5701443552970886
Loss_clf:0.564 | Loss_dist:0.000 | Loss_kl:0.002
Adjusting learning rate of group 0 to 1.0000e-04.
Epoch: 198, Loss:0.5621 Train: 0.7376, Val:0.6010, Test: 0.6376, Time(s/epoch):0.0914
0.5566255450248718 0.57818204164505 0.5620821714401245
Loss_clf:0.568 | Loss_dist:0.000 | Loss_kl:0.002
Adjusting learning rate of group 0 to 1.0000e-04.
Epoch: 199, Loss:0.5685 Train: 0.7422, Val:0.6010, Test: 0.6359, Time(s/epoch):0.0820
0.5555310249328613 0.5757314562797546 0.5710837244987488
Loss_clf:0.566 | Loss_dist:0.000 | Loss_kl:0.002
Adjusting learning rate of group 0 to 1.0000e-05.
Epoch: 200, Loss:0.5665 Train: 0.7429, Val:0.6010, Test: 0.6342, Time(s/epoch):0.0802
[Run-1 score] {'train': 0.7376763630029611, 'val': 0.601027397260274, 'test': 0.6376068376068376, 'loss': 0.5620821714401245}
[Average Score] {'train': 0.7376763630029611, 'val': 0.601027397260274, 'test': 0.6376068376068376} 
[std Score] {'train': 0.0, 'val': 0.0, 'test': 0.0} 
[Best Score] {'train': 0.7376763630029611, 'val': 0.601027397260274, 'test': 0.6376068376068376, 'loss': 0.5620821714401245}
[Best test run] 0
