repeat 1/1
Data(x=[10641, 111], edge_index=[2, 116785], y=[10641], central_mask=[10641], train_mask=[10641], val_mask=[10641], test_mask=[10641])
AdaptedGAT(
  (convs): ModuleList(
    (0): AdaptedConv(256, 64)
  )
  (complementor): Adapted_complementor(
    (input_layer_o): Linear(33, 128, bias=False)
    (input_layer_u): Linear(78, 128, bias=False)
    (adapted_layer): Adapted_complete_layer(dim_share:128, dim_unshare:128)
    (layers): ModuleList(
      (0): Adapted_complete_layer(dim_share:128, dim_unshare:128)
    )
  )
  (bns): ModuleList(
    (0): BatchNorm1d(64, eps=1e-05, momentum=0.1, affine=True, track_running_stats=True)
  )
  (clf_base): AdaptedConv(64, 2)
  (clf_target): AdaptedConv(64, 2)
  (clf_transformer): Sequential(
    (0): Linear(64, 64, bias=True)
    (1): BatchNorm1d(64, eps=1e-05, momentum=0.1, affine=True, track_running_stats=True)
    (2): ReLU()
    (3): Linear(64, 64, bias=True)
  )
)
auto fixed data split seed to 0, model init seed to 0
Data(x=[10641, 111], edge_index=[2, 116785], y=[10641], central_mask=[10641], train_mask=[10641], val_mask=[10641], test_mask=[10641])
[Dataset-Company()] train_num:5741, val_num:584, test_num:585, class_num:2
Adjusting learning rate of group 0 to 1.0000e-03.
0 torch.Size([2, 29622])
1 torch.Size([2, 3424])
0.7592572569847107 0.8088955879211426 0.6958093643188477
Loss_clf:0.864 | Loss_dist:0.012 | Loss_kl:0.108
Adjusting learning rate of group 0 to 1.0000e-03.
Epoch: 001, Loss:0.8759 Train: 0.5503, Val:0.5702, Test: 0.5709, Time(s/epoch):0.0957
0.7358026504516602 0.7836107611656189 0.7037510871887207
Loss_clf:0.796 | Loss_dist:0.008 | Loss_kl:0.056
Adjusting learning rate of group 0 to 1.0000e-03.
Epoch: 002, Loss:0.8041 Train: 0.5774, Val:0.5685, Test: 0.5709, Time(s/epoch):0.0715
0.7109602689743042 0.7371484041213989 0.7036808133125305
Loss_clf:0.758 | Loss_dist:0.006 | Loss_kl:0.043
Adjusting learning rate of group 0 to 1.0000e-03.
Epoch: 003, Loss:0.7642 Train: 0.6039, Val:0.5753, Test: 0.5726, Time(s/epoch):0.0997
0.6900908946990967 0.7195526361465454 0.7069927453994751
Loss_clf:0.745 | Loss_dist:0.004 | Loss_kl:0.043
Adjusting learning rate of group 0 to 1.0000e-03.
Epoch: 004, Loss:0.7487 Train: 0.6171, Val:0.5736, Test: 0.5726, Time(s/epoch):0.1073
0.6811563968658447 0.6936372518539429 0.7016534209251404
Loss_clf:0.729 | Loss_dist:0.003 | Loss_kl:0.040
Adjusting learning rate of group 0 to 1.0000e-03.
Epoch: 005, Loss:0.7321 Train: 0.6279, Val:0.5719, Test: 0.5744, Time(s/epoch):0.0914
0.6738936305046082 0.691019594669342 0.7009730339050293
Loss_clf:0.720 | Loss_dist:0.002 | Loss_kl:0.035
Adjusting learning rate of group 0 to 1.0000e-03.
Epoch: 006, Loss:0.7223 Train: 0.6384, Val:0.5685, Test: 0.5726, Time(s/epoch):0.1039
0.6682035326957703 0.6890964508056641 0.6903541684150696
Loss_clf:0.709 | Loss_dist:0.002 | Loss_kl:0.030
Adjusting learning rate of group 0 to 1.0000e-03.
Epoch: 007, Loss:0.7102 Train: 0.6389, Val:0.5702, Test: 0.5726, Time(s/epoch):0.1084
0.6697217226028442 0.6772881746292114 0.6856318712234497
Loss_clf:0.700 | Loss_dist:0.001 | Loss_kl:0.025
Adjusting learning rate of group 0 to 1.0000e-03.
Epoch: 008, Loss:0.7014 Train: 0.6403, Val:0.5702, Test: 0.5726, Time(s/epoch):0.1086
0.6594832539558411 0.6708909869194031 0.6809335350990295
Loss_clf:0.687 | Loss_dist:0.001 | Loss_kl:0.019
Adjusting learning rate of group 0 to 1.0000e-03.
Epoch: 009, Loss:0.6881 Train: 0.6403, Val:0.5702, Test: 0.5726, Time(s/epoch):0.0947
0.655669629573822 0.6754624843597412 0.6807151436805725
Loss_clf:0.685 | Loss_dist:0.001 | Loss_kl:0.019
Adjusting learning rate of group 0 to 1.0000e-03.
Epoch: 010, Loss:0.6864 Train: 0.6410, Val:0.5702, Test: 0.5709, Time(s/epoch):0.0993
0.6535508632659912 0.670998752117157 0.6771091222763062
Loss_clf:0.679 | Loss_dist:0.001 | Loss_kl:0.015
Adjusting learning rate of group 0 to 1.0000e-03.
Epoch: 011, Loss:0.6796 Train: 0.6434, Val:0.5702, Test: 0.5709, Time(s/epoch):0.1059
0.6484151482582092 0.6754359602928162 0.6772867441177368
Loss_clf:0.676 | Loss_dist:0.001 | Loss_kl:0.014
Adjusting learning rate of group 0 to 1.0000e-03.
Epoch: 012, Loss:0.6766 Train: 0.6433, Val:0.5702, Test: 0.5709, Time(s/epoch):0.1121
0.6503758430480957 0.6769500970840454 0.6765894889831543
Loss_clf:0.677 | Loss_dist:0.001 | Loss_kl:0.013
Adjusting learning rate of group 0 to 1.0000e-03.
Epoch: 013, Loss:0.6775 Train: 0.6466, Val:0.5702, Test: 0.5709, Time(s/epoch):0.0890
0.6491245627403259 0.6725314855575562 0.6759584546089172
Loss_clf:0.674 | Loss_dist:0.000 | Loss_kl:0.013
Adjusting learning rate of group 0 to 1.0000e-03.
Epoch: 014, Loss:0.6749 Train: 0.6469, Val:0.5702, Test: 0.5709, Time(s/epoch):0.0829
0.6435750722885132 0.6686145067214966 0.6769890189170837
Loss_clf:0.669 | Loss_dist:0.000 | Loss_kl:0.011
Adjusting learning rate of group 0 to 1.0000e-03.
Epoch: 015, Loss:0.6697 Train: 0.6487, Val:0.5719, Test: 0.5709, Time(s/epoch):0.1017
0.6414238214492798 0.659229040145874 0.6739543080329895
Loss_clf:0.663 | Loss_dist:0.000 | Loss_kl:0.009
Adjusting learning rate of group 0 to 1.0000e-03.
Epoch: 016, Loss:0.6635 Train: 0.6483, Val:0.5719, Test: 0.5726, Time(s/epoch):0.1035
0.6403321027755737 0.6633883714675903 0.6719249486923218
Loss_clf:0.665 | Loss_dist:0.000 | Loss_kl:0.011
Adjusting learning rate of group 0 to 1.0000e-03.
Epoch: 017, Loss:0.6650 Train: 0.6501, Val:0.5719, Test: 0.5744, Time(s/epoch):0.0834
0.637093722820282 0.6627616286277771 0.6726347804069519
Loss_clf:0.661 | Loss_dist:0.000 | Loss_kl:0.009
Adjusting learning rate of group 0 to 1.0000e-03.
Epoch: 018, Loss:0.6614 Train: 0.6502, Val:0.5719, Test: 0.5726, Time(s/epoch):0.1020
0.6372220516204834 0.6611434817314148 0.6707531213760376
Loss_clf:0.659 | Loss_dist:0.000 | Loss_kl:0.008
Adjusting learning rate of group 0 to 1.0000e-03.
Epoch: 019, Loss:0.6594 Train: 0.6495, Val:0.5719, Test: 0.5709, Time(s/epoch):0.1121
0.6342516541481018 0.6604294776916504 0.669407069683075
Loss_clf:0.657 | Loss_dist:0.000 | Loss_kl:0.007
Adjusting learning rate of group 0 to 1.0000e-03.
Epoch: 020, Loss:0.6571 Train: 0.6518, Val:0.5719, Test: 0.5709, Time(s/epoch):0.1023
0.6357191205024719 0.6647263169288635 0.6706224083900452
Loss_clf:0.658 | Loss_dist:0.000 | Loss_kl:0.006
Adjusting learning rate of group 0 to 1.0000e-03.
Epoch: 021, Loss:0.6580 Train: 0.6530, Val:0.5702, Test: 0.5692, Time(s/epoch):0.1093
0.6333180665969849 0.6608169078826904 0.6654331088066101
Loss_clf:0.655 | Loss_dist:0.000 | Loss_kl:0.007
Adjusting learning rate of group 0 to 1.0000e-03.
Epoch: 022, Loss:0.6552 Train: 0.6527, Val:0.5702, Test: 0.5692, Time(s/epoch):0.1116
0.6300206184387207 0.6637431383132935 0.6706729531288147
Loss_clf:0.655 | Loss_dist:0.000 | Loss_kl:0.006
Adjusting learning rate of group 0 to 1.0000e-03.
Epoch: 023, Loss:0.6552 Train: 0.6548, Val:0.5702, Test: 0.5744, Time(s/epoch):0.1052
0.6292608976364136 0.6572604775428772 0.6659042835235596
Loss_clf:0.653 | Loss_dist:0.000 | Loss_kl:0.007
Adjusting learning rate of group 0 to 1.0000e-03.
Epoch: 024, Loss:0.6527 Train: 0.6555, Val:0.5685, Test: 0.5761, Time(s/epoch):0.1069
0.6301560401916504 0.6604147553443909 0.6676340699195862
Loss_clf:0.654 | Loss_dist:0.000 | Loss_kl:0.007
Adjusting learning rate of group 0 to 1.0000e-03.
Epoch: 025, Loss:0.6537 Train: 0.6577, Val:0.5668, Test: 0.5812, Time(s/epoch):0.1044
0.62541264295578 0.6555729508399963 0.6653176546096802
Loss_clf:0.649 | Loss_dist:0.000 | Loss_kl:0.006
Adjusting learning rate of group 0 to 1.0000e-03.
Epoch: 026, Loss:0.6495 Train: 0.6589, Val:0.5651, Test: 0.5829, Time(s/epoch):0.1069
0.6288376450538635 0.6569540500640869 0.6612536311149597
Loss_clf:0.650 | Loss_dist:0.000 | Loss_kl:0.006
Adjusting learning rate of group 0 to 1.0000e-03.
Epoch: 027, Loss:0.6497 Train: 0.6607, Val:0.5651, Test: 0.5812, Time(s/epoch):0.1082
0.6240407228469849 0.6516334414482117 0.6616618037223816
Loss_clf:0.645 | Loss_dist:0.000 | Loss_kl:0.005
Adjusting learning rate of group 0 to 1.0000e-03.
Epoch: 028, Loss:0.6456 Train: 0.6624, Val:0.5651, Test: 0.5846, Time(s/epoch):0.1124
0.6243895888328552 0.6556254029273987 0.6603826284408569
Loss_clf:0.646 | Loss_dist:0.000 | Loss_kl:0.005
Adjusting learning rate of group 0 to 1.0000e-03.
Epoch: 029, Loss:0.6460 Train: 0.6647, Val:0.5668, Test: 0.5846, Time(s/epoch):0.1032
0.6224387288093567 0.6559617519378662 0.661231517791748
Loss_clf:0.645 | Loss_dist:0.000 | Loss_kl:0.005
Adjusting learning rate of group 0 to 1.0000e-03.
Epoch: 030, Loss:0.6456 Train: 0.6661, Val:0.5634, Test: 0.5863, Time(s/epoch):0.0828
0.6203710436820984 0.6513544321060181 0.6570650339126587
Loss_clf:0.642 | Loss_dist:0.000 | Loss_kl:0.004
Adjusting learning rate of group 0 to 1.0000e-03.
Epoch: 031, Loss:0.6419 Train: 0.6670, Val:0.5616, Test: 0.5880, Time(s/epoch):0.1002
0.6206716299057007 0.6493743658065796 0.6588789820671082
Loss_clf:0.642 | Loss_dist:0.000 | Loss_kl:0.005
Adjusting learning rate of group 0 to 1.0000e-03.
Epoch: 032, Loss:0.6421 Train: 0.6670, Val:0.5616, Test: 0.5897, Time(s/epoch):0.1109
0.6188865900039673 0.6495323777198792 0.6557547450065613
Loss_clf:0.641 | Loss_dist:0.000 | Loss_kl:0.005
Adjusting learning rate of group 0 to 1.0000e-03.
Epoch: 033, Loss:0.6411 Train: 0.6685, Val:0.5616, Test: 0.5949, Time(s/epoch):0.1076
0.6218789219856262 0.6499956250190735 0.6554667949676514
Loss_clf:0.642 | Loss_dist:0.000 | Loss_kl:0.005
Adjusting learning rate of group 0 to 1.0000e-03.
Epoch: 034, Loss:0.6424 Train: 0.6684, Val:0.5634, Test: 0.5966, Time(s/epoch):0.1091
0.6160293817520142 0.6462231874465942 0.6531330943107605
Loss_clf:0.637 | Loss_dist:0.000 | Loss_kl:0.004
Adjusting learning rate of group 0 to 1.0000e-03.
Epoch: 035, Loss:0.6371 Train: 0.6670, Val:0.5685, Test: 0.5949, Time(s/epoch):0.1105
0.6189174652099609 0.6473599076271057 0.6548292636871338
Loss_clf:0.640 | Loss_dist:0.000 | Loss_kl:0.005
Adjusting learning rate of group 0 to 1.0000e-03.
Epoch: 036, Loss:0.6398 Train: 0.6666, Val:0.5771, Test: 0.6034, Time(s/epoch):0.1047
0.6120365262031555 0.6410882472991943 0.6512247920036316
Loss_clf:0.633 | Loss_dist:0.000 | Loss_kl:0.004
Adjusting learning rate of group 0 to 1.0000e-03.
Epoch: 037, Loss:0.6332 Train: 0.6649, Val:0.5822, Test: 0.6051, Time(s/epoch):0.1082
0.614953339099884 0.6429780125617981 0.6498087644577026
Loss_clf:0.635 | Loss_dist:0.000 | Loss_kl:0.004
Adjusting learning rate of group 0 to 1.0000e-03.
Epoch: 038, Loss:0.6351 Train: 0.6656, Val:0.5805, Test: 0.6085, Time(s/epoch):0.1088
0.6148932576179504 0.6422411203384399 0.650892436504364
Loss_clf:0.635 | Loss_dist:0.000 | Loss_kl:0.004
Adjusting learning rate of group 0 to 1.0000e-03.
Epoch: 039, Loss:0.6351 Train: 0.6671, Val:0.5805, Test: 0.6103, Time(s/epoch):0.1079
0.6129651069641113 0.6432594656944275 0.6526663303375244
Loss_clf:0.634 | Loss_dist:0.000 | Loss_kl:0.004
Adjusting learning rate of group 0 to 1.0000e-03.
Epoch: 040, Loss:0.6344 Train: 0.6671, Val:0.5805, Test: 0.6103, Time(s/epoch):0.1131
0.6128796935081482 0.6401003003120422 0.6478884220123291
Loss_clf:0.633 | Loss_dist:0.000 | Loss_kl:0.004
Adjusting learning rate of group 0 to 1.0000e-03.
Epoch: 041, Loss:0.6329 Train: 0.6690, Val:0.5822, Test: 0.6120, Time(s/epoch):0.1089
0.6137388944625854 0.641424834728241 0.6474280953407288
Loss_clf:0.633 | Loss_dist:0.000 | Loss_kl:0.004
Adjusting learning rate of group 0 to 1.0000e-03.
Epoch: 042, Loss:0.6336 Train: 0.6696, Val:0.5822, Test: 0.6120, Time(s/epoch):0.1084
0.6096255779266357 0.643559992313385 0.6464203000068665
Loss_clf:0.631 | Loss_dist:0.000 | Loss_kl:0.004
Adjusting learning rate of group 0 to 1.0000e-03.
Epoch: 043, Loss:0.6315 Train: 0.6710, Val:0.5839, Test: 0.6103, Time(s/epoch):0.1075
0.608833909034729 0.638631284236908 0.6436619162559509
Loss_clf:0.629 | Loss_dist:0.000 | Loss_kl:0.004
Adjusting learning rate of group 0 to 1.0000e-03.
Epoch: 044, Loss:0.6292 Train: 0.6724, Val:0.5873, Test: 0.6103, Time(s/epoch):0.1088
0.6111453771591187 0.6398676633834839 0.6455101370811462
Loss_clf:0.631 | Loss_dist:0.000 | Loss_kl:0.005
Adjusting learning rate of group 0 to 1.0000e-03.
Epoch: 045, Loss:0.6316 Train: 0.6751, Val:0.5925, Test: 0.6120, Time(s/epoch):0.1078
0.6063553094863892 0.6406300067901611 0.6429170966148376
Loss_clf:0.628 | Loss_dist:0.000 | Loss_kl:0.004
Adjusting learning rate of group 0 to 1.0000e-03.
Epoch: 046, Loss:0.6280 Train: 0.6764, Val:0.5925, Test: 0.6154, Time(s/epoch):0.1083
0.6096959114074707 0.6384027600288391 0.6415194272994995
Loss_clf:0.630 | Loss_dist:0.000 | Loss_kl:0.005
Adjusting learning rate of group 0 to 1.0000e-03.
Epoch: 047, Loss:0.6296 Train: 0.6772, Val:0.5942, Test: 0.6171, Time(s/epoch):0.1041
0.6033923625946045 0.6329914927482605 0.6405073404312134
Loss_clf:0.624 | Loss_dist:0.000 | Loss_kl:0.004
Adjusting learning rate of group 0 to 1.0000e-03.
Epoch: 048, Loss:0.6242 Train: 0.6781, Val:0.5959, Test: 0.6171, Time(s/epoch):0.1023
0.6074268221855164 0.6337544322013855 0.640164852142334
Loss_clf:0.627 | Loss_dist:0.000 | Loss_kl:0.005
Adjusting learning rate of group 0 to 1.0000e-03.
Epoch: 049, Loss:0.6272 Train: 0.6797, Val:0.5959, Test: 0.6188, Time(s/epoch):0.1068
0.6051435470581055 0.6328254342079163 0.6378622055053711
Loss_clf:0.624 | Loss_dist:0.000 | Loss_kl:0.004
Adjusting learning rate of group 0 to 1.0000e-03.
Epoch: 050, Loss:0.6245 Train: 0.6804, Val:0.5976, Test: 0.6222, Time(s/epoch):0.1083
0.604552686214447 0.6342950463294983 0.6371101140975952
Loss_clf:0.625 | Loss_dist:0.000 | Loss_kl:0.004
Adjusting learning rate of group 0 to 1.0000e-03.
Epoch: 051, Loss:0.6246 Train: 0.6805, Val:0.5993, Test: 0.6171, Time(s/epoch):0.0913
0.6019241809844971 0.6355880498886108 0.6377631425857544
Loss_clf:0.623 | Loss_dist:0.000 | Loss_kl:0.004
Adjusting learning rate of group 0 to 1.0000e-03.
Epoch: 052, Loss:0.6232 Train: 0.6830, Val:0.5993, Test: 0.6171, Time(s/epoch):0.0789
0.599968671798706 0.6266177296638489 0.632506787776947
Loss_clf:0.618 | Loss_dist:0.000 | Loss_kl:0.003
Adjusting learning rate of group 0 to 1.0000e-03.
Epoch: 053, Loss:0.6182 Train: 0.6842, Val:0.5976, Test: 0.6188, Time(s/epoch):0.0962
0.5972598791122437 0.6304011344909668 0.6353527307510376
Loss_clf:0.619 | Loss_dist:0.000 | Loss_kl:0.004
Adjusting learning rate of group 0 to 1.0000e-03.
Epoch: 054, Loss:0.6187 Train: 0.6839, Val:0.5942, Test: 0.6188, Time(s/epoch):0.1059
0.6004044413566589 0.6284536719322205 0.6313808560371399
Loss_clf:0.619 | Loss_dist:0.000 | Loss_kl:0.004
Adjusting learning rate of group 0 to 1.0000e-03.
Epoch: 055, Loss:0.6188 Train: 0.6849, Val:0.5908, Test: 0.6205, Time(s/epoch):0.1090
0.600914716720581 0.6289178133010864 0.6335955858230591
Loss_clf:0.620 | Loss_dist:0.000 | Loss_kl:0.004
Adjusting learning rate of group 0 to 1.0000e-03.
Epoch: 056, Loss:0.6197 Train: 0.6877, Val:0.5925, Test: 0.6222, Time(s/epoch):0.1082
0.5938634276390076 0.6211270689964294 0.6258360743522644
Loss_clf:0.612 | Loss_dist:0.000 | Loss_kl:0.004
Adjusting learning rate of group 0 to 1.0000e-03.
Epoch: 057, Loss:0.6122 Train: 0.6910, Val:0.5890, Test: 0.6188, Time(s/epoch):0.1090
0.593986988067627 0.6241914629936218 0.6295148730278015
Loss_clf:0.614 | Loss_dist:0.000 | Loss_kl:0.004
Adjusting learning rate of group 0 to 1.0000e-03.
Epoch: 058, Loss:0.6140 Train: 0.6934, Val:0.5925, Test: 0.6171, Time(s/epoch):0.0918
0.5958765149116516 0.6251309514045715 0.6262930631637573
Loss_clf:0.614 | Loss_dist:0.000 | Loss_kl:0.004
Adjusting learning rate of group 0 to 1.0000e-03.
Epoch: 059, Loss:0.6144 Train: 0.6953, Val:0.5908, Test: 0.6171, Time(s/epoch):0.0871
0.596655547618866 0.6234285235404968 0.6258341670036316
Loss_clf:0.614 | Loss_dist:0.000 | Loss_kl:0.003
Adjusting learning rate of group 0 to 1.0000e-03.
Epoch: 060, Loss:0.6141 Train: 0.6966, Val:0.5890, Test: 0.6154, Time(s/epoch):0.0726
0.5925465226173401 0.6184912919998169 0.6232369542121887
Loss_clf:0.610 | Loss_dist:0.000 | Loss_kl:0.003
Adjusting learning rate of group 0 to 1.0000e-03.
Epoch: 061, Loss:0.6099 Train: 0.6971, Val:0.5856, Test: 0.6188, Time(s/epoch):0.0989
0.5915977954864502 0.6266840696334839 0.6288845539093018
Loss_clf:0.613 | Loss_dist:0.000 | Loss_kl:0.003
Adjusting learning rate of group 0 to 1.0000e-03.
Epoch: 062, Loss:0.6131 Train: 0.6969, Val:0.5805, Test: 0.6222, Time(s/epoch):0.1071
0.5895558595657349 0.6223771572113037 0.6253224611282349
Loss_clf:0.611 | Loss_dist:0.000 | Loss_kl:0.004
Adjusting learning rate of group 0 to 1.0000e-03.
Epoch: 063, Loss:0.6107 Train: 0.6983, Val:0.5805, Test: 0.6188, Time(s/epoch):0.1080
0.5929060578346252 0.6205697655677795 0.6237301826477051
Loss_clf:0.611 | Loss_dist:0.000 | Loss_kl:0.004
Adjusting learning rate of group 0 to 1.0000e-03.
Epoch: 064, Loss:0.6111 Train: 0.6985, Val:0.5805, Test: 0.6171, Time(s/epoch):0.1090
0.5915534496307373 0.6207610368728638 0.6222144961357117
Loss_clf:0.610 | Loss_dist:0.000 | Loss_kl:0.003
Adjusting learning rate of group 0 to 1.0000e-03.
Epoch: 065, Loss:0.6098 Train: 0.7006, Val:0.5839, Test: 0.6171, Time(s/epoch):0.1050
0.5913782119750977 0.6216568946838379 0.6262315511703491
Loss_clf:0.611 | Loss_dist:0.000 | Loss_kl:0.004
Adjusting learning rate of group 0 to 1.0000e-03.
Epoch: 066, Loss:0.6113 Train: 0.7028, Val:0.5822, Test: 0.6171, Time(s/epoch):0.1063
0.5912646651268005 0.6222825050354004 0.6235538721084595
Loss_clf:0.610 | Loss_dist:0.000 | Loss_kl:0.003
Adjusting learning rate of group 0 to 1.0000e-03.
Epoch: 067, Loss:0.6103 Train: 0.7006, Val:0.5839, Test: 0.6205, Time(s/epoch):0.1090
0.5872283577919006 0.6168469786643982 0.6155853867530823
Loss_clf:0.605 | Loss_dist:0.000 | Loss_kl:0.004
Adjusting learning rate of group 0 to 1.0000e-03.
Epoch: 068, Loss:0.6053 Train: 0.7035, Val:0.5908, Test: 0.6188, Time(s/epoch):0.1087
0.587657630443573 0.6134212017059326 0.6165397763252258
Loss_clf:0.605 | Loss_dist:0.000 | Loss_kl:0.004
Adjusting learning rate of group 0 to 1.0000e-03.
Epoch: 069, Loss:0.6049 Train: 0.7068, Val:0.5908, Test: 0.6171, Time(s/epoch):0.1083
0.5876133441925049 0.6220282912254333 0.621758759021759
Loss_clf:0.608 | Loss_dist:0.000 | Loss_kl:0.003
Adjusting learning rate of group 0 to 1.0000e-03.
Epoch: 070, Loss:0.6080 Train: 0.7084, Val:0.5873, Test: 0.6154, Time(s/epoch):0.1069
0.592018187046051 0.619587779045105 0.6189591884613037
Loss_clf:0.609 | Loss_dist:0.000 | Loss_kl:0.003
Adjusting learning rate of group 0 to 1.0000e-03.
Epoch: 071, Loss:0.6089 Train: 0.7105, Val:0.5925, Test: 0.6154, Time(s/epoch):0.1069
0.5859783291816711 0.6163614988327026 0.6190264225006104
Loss_clf:0.605 | Loss_dist:0.000 | Loss_kl:0.003
Adjusting learning rate of group 0 to 1.0000e-03.
Epoch: 072, Loss:0.6052 Train: 0.7119, Val:0.5976, Test: 0.6137, Time(s/epoch):0.1088
0.58661288022995 0.6105817556381226 0.613670289516449
Loss_clf:0.602 | Loss_dist:0.000 | Loss_kl:0.003
Adjusting learning rate of group 0 to 1.0000e-03.
Epoch: 073, Loss:0.6024 Train: 0.7131, Val:0.5942, Test: 0.6154, Time(s/epoch):0.1069
0.5845046043395996 0.6193405985832214 0.6220626831054688
Loss_clf:0.606 | Loss_dist:0.000 | Loss_kl:0.003
Adjusting learning rate of group 0 to 1.0000e-03.
Epoch: 074, Loss:0.6056 Train: 0.7121, Val:0.5942, Test: 0.6171, Time(s/epoch):0.1079
0.5838971138000488 0.6150957345962524 0.617175817489624
Loss_clf:0.603 | Loss_dist:0.000 | Loss_kl:0.003
Adjusting learning rate of group 0 to 1.0000e-03.
Epoch: 075, Loss:0.6030 Train: 0.7121, Val:0.5925, Test: 0.6222, Time(s/epoch):0.1083
0.5829476118087769 0.6145305633544922 0.6174867153167725
Loss_clf:0.602 | Loss_dist:0.000 | Loss_kl:0.003
Adjusting learning rate of group 0 to 1.0000e-03.
Epoch: 076, Loss:0.6024 Train: 0.7121, Val:0.5976, Test: 0.6256, Time(s/epoch):0.1089
0.5810118913650513 0.6148850321769714 0.6162087321281433
Loss_clf:0.602 | Loss_dist:0.000 | Loss_kl:0.003
Adjusting learning rate of group 0 to 1.0000e-03.
Epoch: 077, Loss:0.6017 Train: 0.7131, Val:0.6027, Test: 0.6205, Time(s/epoch):0.1084
0.5817506313323975 0.6085354089736938 0.6101800203323364
Loss_clf:0.599 | Loss_dist:0.000 | Loss_kl:0.003
Adjusting learning rate of group 0 to 1.0000e-03.
Epoch: 078, Loss:0.5987 Train: 0.7112, Val:0.6027, Test: 0.6256, Time(s/epoch):0.1089
0.5750361680984497 0.6109011769294739 0.610179603099823
Loss_clf:0.596 | Loss_dist:0.000 | Loss_kl:0.003
Adjusting learning rate of group 0 to 1.0000e-03.
Epoch: 079, Loss:0.5958 Train: 0.7114, Val:0.6027, Test: 0.6256, Time(s/epoch):0.1120
0.5789891481399536 0.6108164191246033 0.6121202111244202
Loss_clf:0.598 | Loss_dist:0.000 | Loss_kl:0.003
Adjusting learning rate of group 0 to 1.0000e-03.
Epoch: 080, Loss:0.5981 Train: 0.7131, Val:0.6027, Test: 0.6239, Time(s/epoch):0.1058
0.5783058404922485 0.6046345829963684 0.6072373986244202
Loss_clf:0.595 | Loss_dist:0.000 | Loss_kl:0.003
Adjusting learning rate of group 0 to 1.0000e-03.
Epoch: 081, Loss:0.5952 Train: 0.7154, Val:0.6062, Test: 0.6239, Time(s/epoch):0.0900
0.578751266002655 0.6125298738479614 0.611900806427002
Loss_clf:0.598 | Loss_dist:0.000 | Loss_kl:0.003
Adjusting learning rate of group 0 to 1.0000e-03.
Epoch: 082, Loss:0.5984 Train: 0.7154, Val:0.6045, Test: 0.6274, Time(s/epoch):0.0785
0.5791210532188416 0.6062978506088257 0.6084839701652527
Loss_clf:0.596 | Loss_dist:0.000 | Loss_kl:0.003
Adjusting learning rate of group 0 to 1.0000e-03.
Epoch: 083, Loss:0.5961 Train: 0.7176, Val:0.6096, Test: 0.6256, Time(s/epoch):0.0757
0.5777907371520996 0.6049708724021912 0.6048522591590881
Loss_clf:0.594 | Loss_dist:0.000 | Loss_kl:0.003
Adjusting learning rate of group 0 to 1.0000e-03.
Epoch: 084, Loss:0.5941 Train: 0.7163, Val:0.6113, Test: 0.6239, Time(s/epoch):0.0791
0.574621856212616 0.601915180683136 0.6019042730331421
Loss_clf:0.591 | Loss_dist:0.000 | Loss_kl:0.003
Adjusting learning rate of group 0 to 1.0000e-03.
Epoch: 085, Loss:0.5911 Train: 0.7180, Val:0.6147, Test: 0.6308, Time(s/epoch):0.0996
0.5742440819740295 0.6029161810874939 0.6047530770301819
Loss_clf:0.592 | Loss_dist:0.000 | Loss_kl:0.003
Adjusting learning rate of group 0 to 1.0000e-03.
Epoch: 086, Loss:0.5917 Train: 0.7190, Val:0.6130, Test: 0.6256, Time(s/epoch):0.1067
0.5767176151275635 0.6049056649208069 0.6043732762336731
Loss_clf:0.593 | Loss_dist:0.000 | Loss_kl:0.003
Adjusting learning rate of group 0 to 1.0000e-03.
Epoch: 087, Loss:0.5934 Train: 0.7210, Val:0.6130, Test: 0.6256, Time(s/epoch):0.1139
0.5745301842689514 0.6046608090400696 0.6037841439247131
Loss_clf:0.592 | Loss_dist:0.000 | Loss_kl:0.003
Adjusting learning rate of group 0 to 1.0000e-03.
Epoch: 088, Loss:0.5919 Train: 0.7211, Val:0.6130, Test: 0.6222, Time(s/epoch):0.1091
0.5741799473762512 0.6018700003623962 0.6021093130111694
Loss_clf:0.591 | Loss_dist:0.000 | Loss_kl:0.003
Adjusting learning rate of group 0 to 1.0000e-03.
Epoch: 089, Loss:0.5908 Train: 0.7203, Val:0.6113, Test: 0.6222, Time(s/epoch):0.1084
0.5697807669639587 0.599530041217804 0.6002731323242188
Loss_clf:0.587 | Loss_dist:0.000 | Loss_kl:0.002
Adjusting learning rate of group 0 to 1.0000e-03.
Epoch: 090, Loss:0.5873 Train: 0.7206, Val:0.6062, Test: 0.6171, Time(s/epoch):0.1089
0.5733991861343384 0.5945116281509399 0.5940830111503601
Loss_clf:0.586 | Loss_dist:0.000 | Loss_kl:0.003
Adjusting learning rate of group 0 to 1.0000e-03.
Epoch: 091, Loss:0.5865 Train: 0.7208, Val:0.6010, Test: 0.6171, Time(s/epoch):0.1120
0.5701891183853149 0.6017893552780151 0.6036741733551025
Loss_clf:0.589 | Loss_dist:0.000 | Loss_kl:0.003
Adjusting learning rate of group 0 to 1.0000e-03.
Epoch: 092, Loss:0.5891 Train: 0.7197, Val:0.6045, Test: 0.6171, Time(s/epoch):0.1084
0.5761290788650513 0.6039131283760071 0.6023586988449097
Loss_clf:0.592 | Loss_dist:0.000 | Loss_kl:0.002
Adjusting learning rate of group 0 to 1.0000e-03.
Epoch: 093, Loss:0.5921 Train: 0.7225, Val:0.6079, Test: 0.6171, Time(s/epoch):0.0900
0.5715373754501343 0.6025460958480835 0.6016436219215393
Loss_clf:0.589 | Loss_dist:0.000 | Loss_kl:0.002
Adjusting learning rate of group 0 to 1.0000e-03.
Epoch: 094, Loss:0.5891 Train: 0.7222, Val:0.6045, Test: 0.6171, Time(s/epoch):0.0775
0.5689340233802795 0.6010078191757202 0.598777711391449
Loss_clf:0.587 | Loss_dist:0.000 | Loss_kl:0.003
Adjusting learning rate of group 0 to 1.0000e-03.
Epoch: 095, Loss:0.5871 Train: 0.7210, Val:0.5942, Test: 0.6188, Time(s/epoch):0.0769
0.5657806396484375 0.5967769026756287 0.5962297320365906
Loss_clf:0.584 | Loss_dist:0.000 | Loss_kl:0.002
Adjusting learning rate of group 0 to 1.0000e-03.
Epoch: 096, Loss:0.5836 Train: 0.7203, Val:0.5890, Test: 0.6239, Time(s/epoch):0.0998
0.5690612196922302 0.597194492816925 0.5951831340789795
Loss_clf:0.585 | Loss_dist:0.000 | Loss_kl:0.003
Adjusting learning rate of group 0 to 1.0000e-03.
Epoch: 097, Loss:0.5852 Train: 0.7217, Val:0.5873, Test: 0.6154, Time(s/epoch):0.1124
0.5689553022384644 0.598131000995636 0.5964812636375427
Loss_clf:0.585 | Loss_dist:0.000 | Loss_kl:0.002
Adjusting learning rate of group 0 to 1.0000e-03.
Epoch: 098, Loss:0.5855 Train: 0.7229, Val:0.5873, Test: 0.6171, Time(s/epoch):0.0990
0.5674111247062683 0.58970046043396 0.588458240032196
Loss_clf:0.581 | Loss_dist:0.000 | Loss_kl:0.003
Adjusting learning rate of group 0 to 1.0000e-03.
Epoch: 099, Loss:0.5810 Train: 0.7227, Val:0.5873, Test: 0.6205, Time(s/epoch):0.1046
0.5728657841682434 0.5921534895896912 0.5903664827346802
Loss_clf:0.584 | Loss_dist:0.000 | Loss_kl:0.002
Adjusting learning rate of group 0 to 1.0000e-03.
Epoch: 100, Loss:0.5845 Train: 0.7208, Val:0.5822, Test: 0.6154, Time(s/epoch):0.1089
0.5680245757102966 0.5945556163787842 0.5934250354766846
Loss_clf:0.583 | Loss_dist:0.000 | Loss_kl:0.002
Adjusting learning rate of group 0 to 1.0000e-03.
Epoch: 101, Loss:0.5833 Train: 0.7196, Val:0.5873, Test: 0.6154, Time(s/epoch):0.1072
0.5656485557556152 0.5878536105155945 0.5866323113441467
Loss_clf:0.579 | Loss_dist:0.000 | Loss_kl:0.002
Adjusting learning rate of group 0 to 1.0000e-03.
Epoch: 102, Loss:0.5788 Train: 0.7210, Val:0.5822, Test: 0.6137, Time(s/epoch):0.0891
0.5657774209976196 0.595315158367157 0.5923871994018555
Loss_clf:0.582 | Loss_dist:0.000 | Loss_kl:0.002
Adjusting learning rate of group 0 to 1.0000e-03.
Epoch: 103, Loss:0.5822 Train: 0.7232, Val:0.5822, Test: 0.6188, Time(s/epoch):0.1012
0.5625348091125488 0.5854375958442688 0.5842472314834595
Loss_clf:0.576 | Loss_dist:0.000 | Loss_kl:0.003
Adjusting learning rate of group 0 to 1.0000e-03.
Epoch: 104, Loss:0.5764 Train: 0.7239, Val:0.5856, Test: 0.6188, Time(s/epoch):0.1086
0.5642649531364441 0.5881593227386475 0.5873523950576782
Loss_clf:0.578 | Loss_dist:0.000 | Loss_kl:0.002
Adjusting learning rate of group 0 to 1.0000e-03.
Epoch: 105, Loss:0.5783 Train: 0.7239, Val:0.5890, Test: 0.6239, Time(s/epoch):0.0981
0.562503457069397 0.5853872299194336 0.5819939374923706
Loss_clf:0.575 | Loss_dist:0.000 | Loss_kl:0.002
Adjusting learning rate of group 0 to 1.0000e-03.
Epoch: 106, Loss:0.5755 Train: 0.7253, Val:0.5890, Test: 0.6274, Time(s/epoch):0.0955
0.5673266649246216 0.5903477072715759 0.5908128619194031
Loss_clf:0.581 | Loss_dist:0.000 | Loss_kl:0.002
Adjusting learning rate of group 0 to 1.0000e-03.
Epoch: 107, Loss:0.5814 Train: 0.7248, Val:0.5959, Test: 0.6256, Time(s/epoch):0.1040
0.5589547157287598 0.5874986052513123 0.5829147696495056
Loss_clf:0.574 | Loss_dist:0.000 | Loss_kl:0.002
Adjusting learning rate of group 0 to 1.0000e-03.
Epoch: 108, Loss:0.5744 Train: 0.7262, Val:0.6010, Test: 0.6274, Time(s/epoch):0.1070
0.5665119886398315 0.5873153209686279 0.5876075625419617
Loss_clf:0.579 | Loss_dist:0.000 | Loss_kl:0.002
Adjusting learning rate of group 0 to 1.0000e-03.
Epoch: 109, Loss:0.5794 Train: 0.7290, Val:0.6096, Test: 0.6291, Time(s/epoch):0.1061
0.5641575455665588 0.5888192653656006 0.5867017507553101
Loss_clf:0.579 | Loss_dist:0.000 | Loss_kl:0.003
Adjusting learning rate of group 0 to 1.0000e-03.
Epoch: 110, Loss:0.5787 Train: 0.7347, Val:0.5993, Test: 0.6342, Time(s/epoch):0.1116
0.5614913702011108 0.5907397866249084 0.5866256356239319
Loss_clf:0.577 | Loss_dist:0.000 | Loss_kl:0.002
Adjusting learning rate of group 0 to 1.0000e-03.
Epoch: 111, Loss:0.5773 Train: 0.7345, Val:0.6045, Test: 0.6342, Time(s/epoch):0.1059
0.5637510418891907 0.5839835405349731 0.5828670263290405
Loss_clf:0.576 | Loss_dist:0.000 | Loss_kl:0.002
Adjusting learning rate of group 0 to 1.0000e-03.
Epoch: 112, Loss:0.5758 Train: 0.7352, Val:0.6010, Test: 0.6325, Time(s/epoch):0.1119
0.565056562423706 0.5933963060379028 0.5904728174209595
Loss_clf:0.581 | Loss_dist:0.000 | Loss_kl:0.002
Adjusting learning rate of group 0 to 1.0000e-03.
Epoch: 113, Loss:0.5808 Train: 0.7349, Val:0.6027, Test: 0.6393, Time(s/epoch):0.1151
0.563705325126648 0.5901392698287964 0.5874961614608765
Loss_clf:0.578 | Loss_dist:0.000 | Loss_kl:0.002
Adjusting learning rate of group 0 to 1.0000e-03.
Epoch: 114, Loss:0.5783 Train: 0.7312, Val:0.6027, Test: 0.6325, Time(s/epoch):0.0895
0.5656362771987915 0.5914490818977356 0.5876399874687195
Loss_clf:0.580 | Loss_dist:0.000 | Loss_kl:0.002
Adjusting learning rate of group 0 to 1.0000e-03.
Epoch: 115, Loss:0.5797 Train: 0.7319, Val:0.5976, Test: 0.6325, Time(s/epoch):0.0830
0.559290885925293 0.5824413299560547 0.5792739987373352
Loss_clf:0.572 | Loss_dist:0.000 | Loss_kl:0.002
Adjusting learning rate of group 0 to 1.0000e-03.
Epoch: 116, Loss:0.5720 Train: 0.7342, Val:0.5993, Test: 0.6308, Time(s/epoch):0.0800
0.5599215030670166 0.5880908370018005 0.5861868858337402
Loss_clf:0.576 | Loss_dist:0.000 | Loss_kl:0.002
Adjusting learning rate of group 0 to 1.0000e-03.
Epoch: 117, Loss:0.5755 Train: 0.7326, Val:0.6027, Test: 0.6274, Time(s/epoch):0.0793
0.5582379102706909 0.5788270235061646 0.5764876008033752
Loss_clf:0.570 | Loss_dist:0.000 | Loss_kl:0.002
Adjusting learning rate of group 0 to 1.0000e-03.
Epoch: 118, Loss:0.5698 Train: 0.7321, Val:0.6010, Test: 0.6239, Time(s/epoch):0.0703
0.5623752474784851 0.5904133319854736 0.5853786468505859
Loss_clf:0.577 | Loss_dist:0.000 | Loss_kl:0.002
Adjusting learning rate of group 0 to 1.0000e-03.
Epoch: 119, Loss:0.5772 Train: 0.7318, Val:0.6010, Test: 0.6256, Time(s/epoch):0.0933
0.5617406368255615 0.5830236077308655 0.5778355002403259
Loss_clf:0.573 | Loss_dist:0.000 | Loss_kl:0.002
Adjusting learning rate of group 0 to 1.0000e-03.
Epoch: 120, Loss:0.5730 Train: 0.7333, Val:0.6045, Test: 0.6291, Time(s/epoch):0.0900
0.5602441430091858 0.5800485610961914 0.5795349478721619
Loss_clf:0.572 | Loss_dist:0.000 | Loss_kl:0.002
Adjusting learning rate of group 0 to 1.0000e-03.
Epoch: 121, Loss:0.5720 Train: 0.7325, Val:0.6079, Test: 0.6308, Time(s/epoch):0.0799
0.5654842257499695 0.5853716731071472 0.5835697054862976
Loss_clf:0.577 | Loss_dist:0.000 | Loss_kl:0.002
Adjusting learning rate of group 0 to 1.0000e-03.
Epoch: 122, Loss:0.5768 Train: 0.7323, Val:0.6130, Test: 0.6274, Time(s/epoch):0.0988
0.5643079280853271 0.5792123675346375 0.573388397693634
Loss_clf:0.572 | Loss_dist:0.000 | Loss_kl:0.002
Adjusting learning rate of group 0 to 1.0000e-03.
Epoch: 123, Loss:0.5723 Train: 0.7349, Val:0.6096, Test: 0.6291, Time(s/epoch):0.1076
0.5582491159439087 0.5788875222206116 0.5721648931503296
Loss_clf:0.569 | Loss_dist:0.000 | Loss_kl:0.002
Adjusting learning rate of group 0 to 1.0000e-03.
Epoch: 124, Loss:0.5687 Train: 0.7370, Val:0.6010, Test: 0.6308, Time(s/epoch):0.1073
0.5613332986831665 0.579970121383667 0.5763470530509949
Loss_clf:0.572 | Loss_dist:0.000 | Loss_kl:0.002
Adjusting learning rate of group 0 to 1.0000e-03.
Epoch: 125, Loss:0.5715 Train: 0.7354, Val:0.5959, Test: 0.6274, Time(s/epoch):0.1156
0.5589540600776672 0.5808038115501404 0.5813275575637817
Loss_clf:0.572 | Loss_dist:0.000 | Loss_kl:0.002
Adjusting learning rate of group 0 to 1.0000e-03.
Epoch: 126, Loss:0.5719 Train: 0.7342, Val:0.5890, Test: 0.6256, Time(s/epoch):0.1051
0.5598129630088806 0.5727086663246155 0.5694841742515564
Loss_clf:0.567 | Loss_dist:0.000 | Loss_kl:0.002
Adjusting learning rate of group 0 to 1.0000e-03.
Epoch: 127, Loss:0.5674 Train: 0.7365, Val:0.5788, Test: 0.6342, Time(s/epoch):0.1045
0.5579104423522949 0.5744701623916626 0.5707411170005798
Loss_clf:0.567 | Loss_dist:0.000 | Loss_kl:0.002
Adjusting learning rate of group 0 to 1.0000e-03.
Epoch: 128, Loss:0.5671 Train: 0.7398, Val:0.5736, Test: 0.6325, Time(s/epoch):0.0890
0.5583783388137817 0.5746808052062988 0.5696204900741577
Loss_clf:0.567 | Loss_dist:0.000 | Loss_kl:0.002
Adjusting learning rate of group 0 to 1.0000e-03.
Epoch: 129, Loss:0.5673 Train: 0.7427, Val:0.5908, Test: 0.6308, Time(s/epoch):0.0783
0.5560100078582764 0.5679656863212585 0.5593551993370056
Loss_clf:0.562 | Loss_dist:0.000 | Loss_kl:0.002
Adjusting learning rate of group 0 to 1.0000e-03.
Epoch: 130, Loss:0.5619 Train: 0.7408, Val:0.5959, Test: 0.6222, Time(s/epoch):0.1029
0.5548664331436157 0.5702258348464966 0.5637758374214172
Loss_clf:0.563 | Loss_dist:0.000 | Loss_kl:0.002
Adjusting learning rate of group 0 to 1.0000e-03.
Epoch: 131, Loss:0.5630 Train: 0.7391, Val:0.5942, Test: 0.6239, Time(s/epoch):0.1073
0.5571475625038147 0.572800874710083 0.569605827331543
Loss_clf:0.566 | Loss_dist:0.000 | Loss_kl:0.002
Adjusting learning rate of group 0 to 1.0000e-03.
Epoch: 132, Loss:0.5658 Train: 0.7384, Val:0.6010, Test: 0.6291, Time(s/epoch):0.1128
0.5593538284301758 0.576448917388916 0.5716319680213928
Loss_clf:0.568 | Loss_dist:0.000 | Loss_kl:0.002
Adjusting learning rate of group 0 to 1.0000e-03.
Epoch: 133, Loss:0.5683 Train: 0.7377, Val:0.6113, Test: 0.6256, Time(s/epoch):0.0885
0.5569705367088318 0.5712273716926575 0.5664365887641907
Loss_clf:0.565 | Loss_dist:0.000 | Loss_kl:0.002
Adjusting learning rate of group 0 to 1.0000e-03.
Epoch: 134, Loss:0.5646 Train: 0.7365, Val:0.6147, Test: 0.6325, Time(s/epoch):0.1069
0.5496852993965149 0.5666859745979309 0.5629791021347046
Loss_clf:0.559 | Loss_dist:0.000 | Loss_kl:0.002
Adjusting learning rate of group 0 to 1.0000e-03.
Epoch: 135, Loss:0.5588 Train: 0.7406, Val:0.6199, Test: 0.6342, Time(s/epoch):0.1096
0.5500333309173584 0.5674567818641663 0.561625599861145
Loss_clf:0.559 | Loss_dist:0.000 | Loss_kl:0.002
Adjusting learning rate of group 0 to 1.0000e-03.
Epoch: 136, Loss:0.5591 Train: 0.7446, Val:0.6199, Test: 0.6325, Time(s/epoch):0.1073
0.5557358860969543 0.5699133276939392 0.56499183177948
Loss_clf:0.563 | Loss_dist:0.000 | Loss_kl:0.002
Adjusting learning rate of group 0 to 1.0000e-03.
Epoch: 137, Loss:0.5633 Train: 0.7446, Val:0.6199, Test: 0.6274, Time(s/epoch):0.0944
0.5526080131530762 0.5677160024642944 0.562096357345581
Loss_clf:0.560 | Loss_dist:0.000 | Loss_kl:0.002
Adjusting learning rate of group 0 to 1.0000e-03.
Epoch: 138, Loss:0.5604 Train: 0.7429, Val:0.6199, Test: 0.6205, Time(s/epoch):0.1015
0.5548879504203796 0.5680694580078125 0.5613612532615662
Loss_clf:0.562 | Loss_dist:0.000 | Loss_kl:0.002
Adjusting learning rate of group 0 to 1.0000e-03.
Epoch: 139, Loss:0.5616 Train: 0.7448, Val:0.6216, Test: 0.6188, Time(s/epoch):0.1088
0.5532786846160889 0.5668356418609619 0.5615426301956177
Loss_clf:0.560 | Loss_dist:0.000 | Loss_kl:0.002
Adjusting learning rate of group 0 to 1.0000e-03.
Epoch: 140, Loss:0.5604 Train: 0.7419, Val:0.6267, Test: 0.6154, Time(s/epoch):0.1095
0.5480981469154358 0.5589528679847717 0.5540749430656433
Loss_clf:0.554 | Loss_dist:0.000 | Loss_kl:0.002
Adjusting learning rate of group 0 to 1.0000e-03.
Epoch: 141, Loss:0.5540 Train: 0.7441, Val:0.6199, Test: 0.6222, Time(s/epoch):0.0812
0.5518932938575745 0.564922571182251 0.5606012940406799
Loss_clf:0.559 | Loss_dist:0.000 | Loss_kl:0.002
Adjusting learning rate of group 0 to 1.0000e-03.
Epoch: 142, Loss:0.5589 Train: 0.7462, Val:0.6045, Test: 0.6274, Time(s/epoch):0.0719
0.5489590764045715 0.56064373254776 0.5566313862800598
Loss_clf:0.555 | Loss_dist:0.000 | Loss_kl:0.002
Adjusting learning rate of group 0 to 1.0000e-03.
Epoch: 143, Loss:0.5553 Train: 0.7462, Val:0.6062, Test: 0.6291, Time(s/epoch):0.0991
0.5495266318321228 0.561557412147522 0.5565863251686096
Loss_clf:0.556 | Loss_dist:0.000 | Loss_kl:0.002
Adjusting learning rate of group 0 to 1.0000e-03.
Epoch: 144, Loss:0.5560 Train: 0.7467, Val:0.6113, Test: 0.6222, Time(s/epoch):0.1121
0.5547304749488831 0.5647814273834229 0.5580098628997803
Loss_clf:0.560 | Loss_dist:0.000 | Loss_kl:0.002
Adjusting learning rate of group 0 to 1.0000e-03.
Epoch: 145, Loss:0.5597 Train: 0.7453, Val:0.6130, Test: 0.6239, Time(s/epoch):0.0914
0.5462325811386108 0.5548140406608582 0.5494822263717651
Loss_clf:0.551 | Loss_dist:0.000 | Loss_kl:0.002
Adjusting learning rate of group 0 to 1.0000e-03.
Epoch: 146, Loss:0.5508 Train: 0.7448, Val:0.6130, Test: 0.6188, Time(s/epoch):0.0982
0.5495554804801941 0.5557699799537659 0.5498093366622925
Loss_clf:0.553 | Loss_dist:0.000 | Loss_kl:0.002
Adjusting learning rate of group 0 to 1.0000e-03.
Epoch: 147, Loss:0.5529 Train: 0.7424, Val:0.6130, Test: 0.6222, Time(s/epoch):0.1057
0.5481128096580505 0.5594848394393921 0.5555382966995239
Loss_clf:0.554 | Loss_dist:0.000 | Loss_kl:0.002
Adjusting learning rate of group 0 to 1.0000e-03.
Epoch: 148, Loss:0.5544 Train: 0.7408, Val:0.6062, Test: 0.6308, Time(s/epoch):0.1063
0.5526514053344727 0.5610711574554443 0.5561476349830627
Loss_clf:0.557 | Loss_dist:0.000 | Loss_kl:0.001
Adjusting learning rate of group 0 to 1.0000e-03.
Epoch: 149, Loss:0.5571 Train: 0.7438, Val:0.6096, Test: 0.6222, Time(s/epoch):0.0939
0.5519135594367981 0.5541062951087952 0.5480996966362
Loss_clf:0.553 | Loss_dist:0.000 | Loss_kl:0.002
Adjusting learning rate of group 0 to 1.0000e-03.
Epoch: 150, Loss:0.5531 Train: 0.7438, Val:0.6130, Test: 0.6205, Time(s/epoch):0.1023
0.5485653877258301 0.5585785508155823 0.5528770685195923
Loss_clf:0.554 | Loss_dist:0.000 | Loss_kl:0.002
Adjusting learning rate of group 0 to 1.0000e-03.
Epoch: 151, Loss:0.5538 Train: 0.7499, Val:0.6164, Test: 0.6239, Time(s/epoch):0.0915
0.5532428026199341 0.5555463433265686 0.5483893752098083
Loss_clf:0.554 | Loss_dist:0.000 | Loss_kl:0.002
Adjusting learning rate of group 0 to 1.0000e-03.
Epoch: 152, Loss:0.5544 Train: 0.7481, Val:0.6130, Test: 0.6308, Time(s/epoch):0.1051
0.5512945652008057 0.562244713306427 0.5556557178497314
Loss_clf:0.557 | Loss_dist:0.000 | Loss_kl:0.002
Adjusting learning rate of group 0 to 1.0000e-03.
Epoch: 153, Loss:0.5569 Train: 0.7488, Val:0.6216, Test: 0.6308, Time(s/epoch):0.0898
0.5527236461639404 0.5524764657020569 0.5463330149650574
Loss_clf:0.553 | Loss_dist:0.000 | Loss_kl:0.002
Adjusting learning rate of group 0 to 1.0000e-03.
Epoch: 154, Loss:0.5528 Train: 0.7480, Val:0.6199, Test: 0.6274, Time(s/epoch):0.0784
0.5466062426567078 0.5582671165466309 0.5512856841087341
Loss_clf:0.552 | Loss_dist:0.000 | Loss_kl:0.002
Adjusting learning rate of group 0 to 1.0000e-03.
Epoch: 155, Loss:0.5524 Train: 0.7466, Val:0.6147, Test: 0.6222, Time(s/epoch):0.0966
0.5523953437805176 0.5640454888343811 0.5576400756835938
Loss_clf:0.559 | Loss_dist:0.000 | Loss_kl:0.002
Adjusting learning rate of group 0 to 1.0000e-03.
Epoch: 156, Loss:0.5586 Train: 0.7431, Val:0.6147, Test: 0.6308, Time(s/epoch):0.0931
0.5412104725837708 0.5503786206245422 0.5439192056655884
Loss_clf:0.546 | Loss_dist:0.000 | Loss_kl:0.002
Adjusting learning rate of group 0 to 1.0000e-03.
Epoch: 157, Loss:0.5460 Train: 0.7429, Val:0.6010, Test: 0.6359, Time(s/epoch):0.1021
0.5452272891998291 0.5530484318733215 0.5446769595146179
Loss_clf:0.549 | Loss_dist:0.000 | Loss_kl:0.002
Adjusting learning rate of group 0 to 1.0000e-03.
Epoch: 158, Loss:0.5486 Train: 0.7448, Val:0.6010, Test: 0.6342, Time(s/epoch):0.0892
0.539813220500946 0.5423310995101929 0.5356768369674683
Loss_clf:0.541 | Loss_dist:0.000 | Loss_kl:0.002
Adjusting learning rate of group 0 to 1.0000e-03.
Epoch: 159, Loss:0.5411 Train: 0.7455, Val:0.5959, Test: 0.6359, Time(s/epoch):0.0829
0.5481929779052734 0.5441335439682007 0.5354321002960205
Loss_clf:0.546 | Loss_dist:0.000 | Loss_kl:0.002
Adjusting learning rate of group 0 to 1.0000e-03.
Epoch: 160, Loss:0.5458 Train: 0.7448, Val:0.6010, Test: 0.6359, Time(s/epoch):0.0838
0.5465651154518127 0.5535435080528259 0.5470346808433533
Loss_clf:0.550 | Loss_dist:0.000 | Loss_kl:0.002
Adjusting learning rate of group 0 to 1.0000e-03.
Epoch: 161, Loss:0.5501 Train: 0.7427, Val:0.6062, Test: 0.6291, Time(s/epoch):0.0799
0.5484774708747864 0.5514313578605652 0.5448293685913086
Loss_clf:0.550 | Loss_dist:0.000 | Loss_kl:0.002
Adjusting learning rate of group 0 to 1.0000e-03.
Epoch: 162, Loss:0.5499 Train: 0.7459, Val:0.6113, Test: 0.6342, Time(s/epoch):0.0835
0.5468375086784363 0.5543947219848633 0.546192467212677
Loss_clf:0.551 | Loss_dist:0.000 | Loss_kl:0.002
Adjusting learning rate of group 0 to 1.0000e-03.
Epoch: 163, Loss:0.5506 Train: 0.7471, Val:0.6027, Test: 0.6325, Time(s/epoch):0.1032
0.5458202958106995 0.5428552627563477 0.5333614349365234
Loss_clf:0.544 | Loss_dist:0.000 | Loss_kl:0.002
Adjusting learning rate of group 0 to 1.0000e-03.
Epoch: 164, Loss:0.5437 Train: 0.7480, Val:0.5925, Test: 0.6325, Time(s/epoch):0.1091
0.5445921421051025 0.5515443086624146 0.5457088351249695
Loss_clf:0.548 | Loss_dist:0.000 | Loss_kl:0.002
Adjusting learning rate of group 0 to 1.0000e-03.
Epoch: 165, Loss:0.5483 Train: 0.7499, Val:0.5993, Test: 0.6274, Time(s/epoch):0.1031
0.5449765920639038 0.5452748537063599 0.5368164777755737
Loss_clf:0.545 | Loss_dist:0.000 | Loss_kl:0.002
Adjusting learning rate of group 0 to 1.0000e-03.
Epoch: 166, Loss:0.5450 Train: 0.7495, Val:0.6010, Test: 0.6359, Time(s/epoch):0.0973
0.5428405404090881 0.5427189469337463 0.5350179076194763
Loss_clf:0.543 | Loss_dist:0.000 | Loss_kl:0.002
Adjusting learning rate of group 0 to 1.0000e-03.
Epoch: 167, Loss:0.5425 Train: 0.7520, Val:0.6045, Test: 0.6325, Time(s/epoch):0.0881
0.5448663234710693 0.5438255071640015 0.5365798473358154
Loss_clf:0.544 | Loss_dist:0.000 | Loss_kl:0.002
Adjusting learning rate of group 0 to 1.0000e-03.
Epoch: 168, Loss:0.5443 Train: 0.7535, Val:0.6045, Test: 0.6274, Time(s/epoch):0.1014
0.5420079827308655 0.5433242917060852 0.5375736951828003
Loss_clf:0.543 | Loss_dist:0.000 | Loss_kl:0.002
Adjusting learning rate of group 0 to 1.0000e-03.
Epoch: 169, Loss:0.5431 Train: 0.7528, Val:0.6062, Test: 0.6274, Time(s/epoch):0.1075
0.5379102826118469 0.5438889265060425 0.5373708009719849
Loss_clf:0.541 | Loss_dist:0.000 | Loss_kl:0.002
Adjusting learning rate of group 0 to 1.0000e-03.
Epoch: 170, Loss:0.5410 Train: 0.7527, Val:0.6062, Test: 0.6308, Time(s/epoch):0.1078
0.5456806421279907 0.5473149418830872 0.5402297377586365
Loss_clf:0.546 | Loss_dist:0.000 | Loss_kl:0.002
Adjusting learning rate of group 0 to 1.0000e-03.
Epoch: 171, Loss:0.5465 Train: 0.7507, Val:0.6096, Test: 0.6274, Time(s/epoch):0.1073
0.538105309009552 0.532555878162384 0.5261672735214233
Loss_clf:0.536 | Loss_dist:0.000 | Loss_kl:0.002
Adjusting learning rate of group 0 to 1.0000e-03.
Epoch: 172, Loss:0.5357 Train: 0.7513, Val:0.5976, Test: 0.6359, Time(s/epoch):0.1078
0.5457373261451721 0.5449903011322021 0.5389979481697083
Loss_clf:0.546 | Loss_dist:0.000 | Loss_kl:0.002
Adjusting learning rate of group 0 to 1.0000e-03.
Epoch: 173, Loss:0.5460 Train: 0.7528, Val:0.6062, Test: 0.6393, Time(s/epoch):0.0896
0.5421290993690491 0.5400118231773376 0.534555971622467
Loss_clf:0.542 | Loss_dist:0.000 | Loss_kl:0.002
Adjusting learning rate of group 0 to 1.0000e-03.
Epoch: 174, Loss:0.5416 Train: 0.7504, Val:0.6113, Test: 0.6410, Time(s/epoch):0.1012
0.5393285155296326 0.5266956090927124 0.5226123332977295
Loss_clf:0.534 | Loss_dist:0.000 | Loss_kl:0.002
Adjusting learning rate of group 0 to 1.0000e-03.
Epoch: 175, Loss:0.5337 Train: 0.7514, Val:0.6079, Test: 0.6342, Time(s/epoch):0.1079
0.5457491874694824 0.5333417654037476 0.5269726514816284
Loss_clf:0.540 | Loss_dist:0.000 | Loss_kl:0.002
Adjusting learning rate of group 0 to 1.0000e-03.
Epoch: 176, Loss:0.5396 Train: 0.7546, Val:0.5976, Test: 0.6291, Time(s/epoch):0.1075
0.5464935302734375 0.5379766821861267 0.5286691188812256
Loss_clf:0.542 | Loss_dist:0.000 | Loss_kl:0.002
Adjusting learning rate of group 0 to 1.0000e-03.
Epoch: 177, Loss:0.5419 Train: 0.7589, Val:0.5788, Test: 0.6274, Time(s/epoch):0.1039
0.5480284094810486 0.5408965349197388 0.5323404669761658
Loss_clf:0.544 | Loss_dist:0.000 | Loss_kl:0.002
Adjusting learning rate of group 0 to 1.0000e-03.
Epoch: 178, Loss:0.5442 Train: 0.7570, Val:0.5873, Test: 0.6376, Time(s/epoch):0.1010
0.536569356918335 0.5283172726631165 0.5223012566566467
Loss_clf:0.533 | Loss_dist:0.000 | Loss_kl:0.002
Adjusting learning rate of group 0 to 1.0000e-03.
Epoch: 179, Loss:0.5329 Train: 0.7572, Val:0.5925, Test: 0.6274, Time(s/epoch):0.0871
0.5394043326377869 0.5348854660987854 0.5293309092521667
Loss_clf:0.537 | Loss_dist:0.000 | Loss_kl:0.002
Adjusting learning rate of group 0 to 1.0000e-03.
Epoch: 180, Loss:0.5373 Train: 0.7554, Val:0.6027, Test: 0.6256, Time(s/epoch):0.0984
0.5433350801467896 0.5339462757110596 0.5245221853256226
Loss_clf:0.538 | Loss_dist:0.000 | Loss_kl:0.002
Adjusting learning rate of group 0 to 1.0000e-03.
Epoch: 181, Loss:0.5380 Train: 0.7586, Val:0.6062, Test: 0.6359, Time(s/epoch):0.0926
0.5396724343299866 0.5363943576812744 0.5310916304588318
Loss_clf:0.538 | Loss_dist:0.000 | Loss_kl:0.001
Adjusting learning rate of group 0 to 1.0000e-03.
Epoch: 182, Loss:0.5382 Train: 0.7596, Val:0.6096, Test: 0.6291, Time(s/epoch):0.1018
0.5385329723358154 0.5350995063781738 0.5283997058868408
Loss_clf:0.537 | Loss_dist:0.000 | Loss_kl:0.002
Adjusting learning rate of group 0 to 1.0000e-03.
Epoch: 183, Loss:0.5368 Train: 0.7605, Val:0.6096, Test: 0.6342, Time(s/epoch):0.1079
0.5412881970405579 0.5340136289596558 0.5255736708641052
Loss_clf:0.537 | Loss_dist:0.000 | Loss_kl:0.002
Adjusting learning rate of group 0 to 1.0000e-03.
Epoch: 184, Loss:0.5374 Train: 0.7608, Val:0.6010, Test: 0.6325, Time(s/epoch):0.1100
0.5427534580230713 0.5352734923362732 0.5261982083320618
Loss_clf:0.538 | Loss_dist:0.000 | Loss_kl:0.002
Adjusting learning rate of group 0 to 1.0000e-03.
Epoch: 185, Loss:0.5384 Train: 0.7610, Val:0.5976, Test: 0.6308, Time(s/epoch):0.1076
0.5339069962501526 0.5272541046142578 0.5197418332099915
Loss_clf:0.530 | Loss_dist:0.000 | Loss_kl:0.002
Adjusting learning rate of group 0 to 1.0000e-03.
Epoch: 186, Loss:0.5304 Train: 0.7567, Val:0.5976, Test: 0.6274, Time(s/epoch):0.1065
0.5378358364105225 0.5317310690879822 0.5228228569030762
Loss_clf:0.534 | Loss_dist:0.000 | Loss_kl:0.002
Adjusting learning rate of group 0 to 1.0000e-03.
Epoch: 187, Loss:0.5343 Train: 0.7563, Val:0.6113, Test: 0.6222, Time(s/epoch):0.1082
0.5422150492668152 0.5365831851959229 0.5279098749160767
Loss_clf:0.539 | Loss_dist:0.000 | Loss_kl:0.002
Adjusting learning rate of group 0 to 1.0000e-03.
Epoch: 188, Loss:0.5391 Train: 0.7579, Val:0.6199, Test: 0.6274, Time(s/epoch):0.0927
0.5370570421218872 0.5235152840614319 0.5154544711112976
Loss_clf:0.530 | Loss_dist:0.000 | Loss_kl:0.002
Adjusting learning rate of group 0 to 1.0000e-03.
Epoch: 189, Loss:0.5301 Train: 0.7593, Val:0.6199, Test: 0.6393, Time(s/epoch):0.0805
0.544343113899231 0.5353345274925232 0.5256806015968323
Loss_clf:0.540 | Loss_dist:0.000 | Loss_kl:0.002
Adjusting learning rate of group 0 to 1.0000e-03.
Epoch: 190, Loss:0.5396 Train: 0.7586, Val:0.6250, Test: 0.6393, Time(s/epoch):0.0978
0.5364865660667419 0.5338767766952515 0.5248713493347168
Loss_clf:0.535 | Loss_dist:0.000 | Loss_kl:0.002
Adjusting learning rate of group 0 to 1.0000e-03.
Epoch: 191, Loss:0.5348 Train: 0.7575, Val:0.6216, Test: 0.6325, Time(s/epoch):0.1112
0.5388635993003845 0.531240701675415 0.5222833752632141
Loss_clf:0.535 | Loss_dist:0.000 | Loss_kl:0.002
Adjusting learning rate of group 0 to 1.0000e-03.
Epoch: 192, Loss:0.5347 Train: 0.7581, Val:0.6113, Test: 0.6274, Time(s/epoch):0.1083
0.5336841940879822 0.5268510580062866 0.5171496272087097
Loss_clf:0.530 | Loss_dist:0.000 | Loss_kl:0.002
Adjusting learning rate of group 0 to 1.0000e-03.
Epoch: 193, Loss:0.5297 Train: 0.7600, Val:0.6027, Test: 0.6342, Time(s/epoch):0.1075
0.5419771075248718 0.5300950407981873 0.5207929611206055
Loss_clf:0.535 | Loss_dist:0.000 | Loss_kl:0.002
Adjusting learning rate of group 0 to 1.0000e-03.
Epoch: 194, Loss:0.5355 Train: 0.7622, Val:0.6062, Test: 0.6376, Time(s/epoch):0.1108
0.5419327020645142 0.5286958813667297 0.5208055973052979
Loss_clf:0.535 | Loss_dist:0.000 | Loss_kl:0.002
Adjusting learning rate of group 0 to 1.0000e-03.
Epoch: 195, Loss:0.5351 Train: 0.7643, Val:0.6062, Test: 0.6444, Time(s/epoch):0.1073
0.5378402471542358 0.5305999517440796 0.5222592353820801
Loss_clf:0.534 | Loss_dist:0.000 | Loss_kl:0.002
Adjusting learning rate of group 0 to 1.0000e-03.
Epoch: 196, Loss:0.5339 Train: 0.7615, Val:0.6182, Test: 0.6513, Time(s/epoch):0.0878
0.5376989841461182 0.5394284129142761 0.5311006307601929
Loss_clf:0.538 | Loss_dist:0.000 | Loss_kl:0.002
Adjusting learning rate of group 0 to 1.0000e-03.
Epoch: 197, Loss:0.5381 Train: 0.7607, Val:0.6096, Test: 0.6530, Time(s/epoch):0.1008
0.5354139804840088 0.5227010846138 0.5151318907737732
Loss_clf:0.529 | Loss_dist:0.000 | Loss_kl:0.002
Adjusting learning rate of group 0 to 1.0000e-03.
Epoch: 198, Loss:0.5291 Train: 0.7582, Val:0.6113, Test: 0.6479, Time(s/epoch):0.1107
0.5357661843299866 0.5314908623695374 0.5245821475982666
Loss_clf:0.533 | Loss_dist:0.000 | Loss_kl:0.002
Adjusting learning rate of group 0 to 1.0000e-03.
Epoch: 199, Loss:0.5335 Train: 0.7588, Val:0.6027, Test: 0.6444, Time(s/epoch):0.1078
0.5350319743156433 0.5243822336196899 0.5158506035804749
Loss_clf:0.529 | Loss_dist:0.000 | Loss_kl:0.002
Adjusting learning rate of group 0 to 1.0000e-04.
Epoch: 200, Loss:0.5293 Train: 0.7588, Val:0.5788, Test: 0.6547, Time(s/epoch):0.0875
0.5334329605102539 0.5184606909751892 0.5090604424476624
Loss_clf:0.525 | Loss_dist:0.000 | Loss_kl:0.002
Adjusting learning rate of group 0 to 1.0000e-04.
Epoch: 201, Loss:0.5253 Train: 0.7588, Val:0.5822, Test: 0.6547, Time(s/epoch):0.0988
0.5351320505142212 0.5238781571388245 0.5161735415458679
Loss_clf:0.529 | Loss_dist:0.000 | Loss_kl:0.002
Adjusting learning rate of group 0 to 1.0000e-04.
Epoch: 202, Loss:0.5295 Train: 0.7596, Val:0.5805, Test: 0.6564, Time(s/epoch):0.1046
0.5308283567428589 0.5212473273277283 0.5119327306747437
Loss_clf:0.526 | Loss_dist:0.000 | Loss_kl:0.002
Adjusting learning rate of group 0 to 1.0000e-04.
Epoch: 203, Loss:0.5257 Train: 0.7594, Val:0.5805, Test: 0.6564, Time(s/epoch):0.1228
0.5326360464096069 0.5223231911659241 0.5142737627029419
Loss_clf:0.527 | Loss_dist:0.000 | Loss_kl:0.002
Adjusting learning rate of group 0 to 1.0000e-04.
Epoch: 204, Loss:0.5272 Train: 0.7600, Val:0.5839, Test: 0.6564, Time(s/epoch):0.1218
0.5300677418708801 0.5148393511772156 0.5041197538375854
Loss_clf:0.522 | Loss_dist:0.000 | Loss_kl:0.002
Adjusting learning rate of group 0 to 1.0000e-04.
Epoch: 205, Loss:0.5215 Train: 0.7603, Val:0.5788, Test: 0.6530, Time(s/epoch):0.1264
0.5315942764282227 0.5258288979530334 0.5177099108695984
Loss_clf:0.528 | Loss_dist:0.000 | Loss_kl:0.002
Adjusting learning rate of group 0 to 1.0000e-04.
Epoch: 206, Loss:0.5284 Train: 0.7608, Val:0.5873, Test: 0.6479, Time(s/epoch):0.1230
0.533051609992981 0.5241053700447083 0.5138537287712097
Loss_clf:0.528 | Loss_dist:0.000 | Loss_kl:0.002
Adjusting learning rate of group 0 to 1.0000e-04.
Epoch: 207, Loss:0.5276 Train: 0.7612, Val:0.5908, Test: 0.6479, Time(s/epoch):0.1006
0.533786952495575 0.5189362168312073 0.5118016004562378
Loss_clf:0.526 | Loss_dist:0.000 | Loss_kl:0.002
Adjusting learning rate of group 0 to 1.0000e-04.
Epoch: 208, Loss:0.5261 Train: 0.7619, Val:0.5976, Test: 0.6427, Time(s/epoch):0.1071
0.5305159687995911 0.5290996432304382 0.523081362247467
Loss_clf:0.530 | Loss_dist:0.000 | Loss_kl:0.002
Adjusting learning rate of group 0 to 1.0000e-04.
Epoch: 209, Loss:0.5298 Train: 0.7614, Val:0.6045, Test: 0.6462, Time(s/epoch):0.1041
0.5326704382896423 0.5245742797851562 0.5155412554740906
Loss_clf:0.528 | Loss_dist:0.000 | Loss_kl:0.002
Adjusting learning rate of group 0 to 1.0000e-04.
Epoch: 210, Loss:0.5281 Train: 0.7621, Val:0.6045, Test: 0.6479, Time(s/epoch):0.1063
0.5323863625526428 0.5239641070365906 0.5154232382774353
Loss_clf:0.528 | Loss_dist:0.000 | Loss_kl:0.002
Adjusting learning rate of group 0 to 1.0000e-04.
Epoch: 211, Loss:0.5277 Train: 0.7621, Val:0.6045, Test: 0.6496, Time(s/epoch):0.0904
0.5303176641464233 0.5293293595314026 0.5226351618766785
Loss_clf:0.530 | Loss_dist:0.000 | Loss_kl:0.002
Adjusting learning rate of group 0 to 1.0000e-04.
Epoch: 212, Loss:0.5297 Train: 0.7624, Val:0.6045, Test: 0.6462, Time(s/epoch):0.1041
0.5254005789756775 0.5203542709350586 0.5120789408683777
Loss_clf:0.522 | Loss_dist:0.000 | Loss_kl:0.002
Adjusting learning rate of group 0 to 1.0000e-04.
Epoch: 213, Loss:0.5224 Train: 0.7628, Val:0.6079, Test: 0.6479, Time(s/epoch):0.1091
0.5303171277046204 0.5232263207435608 0.5140538811683655
Loss_clf:0.526 | Loss_dist:0.000 | Loss_kl:0.001
Adjusting learning rate of group 0 to 1.0000e-04.
Epoch: 214, Loss:0.5259 Train: 0.7635, Val:0.6130, Test: 0.6513, Time(s/epoch):0.0900
0.5291887521743774 0.5192717909812927 0.5078462958335876
Loss_clf:0.523 | Loss_dist:0.000 | Loss_kl:0.002
Adjusting learning rate of group 0 to 1.0000e-04.
Epoch: 215, Loss:0.5229 Train: 0.7636, Val:0.6113, Test: 0.6547, Time(s/epoch):0.0816
0.5250975489616394 0.5154481530189514 0.5058125257492065
Loss_clf:0.519 | Loss_dist:0.000 | Loss_kl:0.002
Adjusting learning rate of group 0 to 1.0000e-04.
Epoch: 216, Loss:0.5194 Train: 0.7647, Val:0.6113, Test: 0.6513, Time(s/epoch):0.0825
0.5282230377197266 0.5196422934532166 0.5096349120140076
Loss_clf:0.523 | Loss_dist:0.000 | Loss_kl:0.001
Adjusting learning rate of group 0 to 1.0000e-04.
Epoch: 217, Loss:0.5229 Train: 0.7650, Val:0.6113, Test: 0.6513, Time(s/epoch):0.1002
0.5250369906425476 0.5205726027488708 0.5112478733062744
Loss_clf:0.522 | Loss_dist:0.000 | Loss_kl:0.002
Adjusting learning rate of group 0 to 1.0000e-04.
Epoch: 218, Loss:0.5220 Train: 0.7655, Val:0.6113, Test: 0.6496, Time(s/epoch):0.0924
0.5228556394577026 0.5122947692871094 0.5034538507461548
Loss_clf:0.517 | Loss_dist:0.000 | Loss_kl:0.001
Adjusting learning rate of group 0 to 1.0000e-04.
Epoch: 219, Loss:0.5169 Train: 0.7652, Val:0.6130, Test: 0.6444, Time(s/epoch):0.0878
0.5264550447463989 0.5222330689430237 0.5139443278312683
Loss_clf:0.524 | Loss_dist:0.000 | Loss_kl:0.001
Adjusting learning rate of group 0 to 1.0000e-04.
Epoch: 220, Loss:0.5237 Train: 0.7661, Val:0.6147, Test: 0.6444, Time(s/epoch):0.0807
0.5275900959968567 0.5162856578826904 0.5071890354156494
Loss_clf:0.521 | Loss_dist:0.000 | Loss_kl:0.002
Adjusting learning rate of group 0 to 1.0000e-04.
Epoch: 221, Loss:0.5212 Train: 0.7655, Val:0.6113, Test: 0.6444, Time(s/epoch):0.0817
0.528598427772522 0.5212884545326233 0.5110529661178589
Loss_clf:0.524 | Loss_dist:0.000 | Loss_kl:0.002
Adjusting learning rate of group 0 to 1.0000e-04.
Epoch: 222, Loss:0.5240 Train: 0.7662, Val:0.6113, Test: 0.6444, Time(s/epoch):0.0798
0.5285856127738953 0.5155881643295288 0.5055503249168396
Loss_clf:0.521 | Loss_dist:0.000 | Loss_kl:0.001
Adjusting learning rate of group 0 to 1.0000e-04.
Epoch: 223, Loss:0.5211 Train: 0.7668, Val:0.6130, Test: 0.6444, Time(s/epoch):0.0797
0.5260128378868103 0.521867573261261 0.5126368403434753
Loss_clf:0.523 | Loss_dist:0.000 | Loss_kl:0.001
Adjusting learning rate of group 0 to 1.0000e-04.
Epoch: 224, Loss:0.5231 Train: 0.7669, Val:0.6164, Test: 0.6513, Time(s/epoch):0.0812
0.5285736322402954 0.5212863683700562 0.5122014880180359
Loss_clf:0.524 | Loss_dist:0.000 | Loss_kl:0.001
Adjusting learning rate of group 0 to 1.0000e-04.
Epoch: 225, Loss:0.5241 Train: 0.7675, Val:0.6199, Test: 0.6513, Time(s/epoch):0.0745
0.5267643928527832 0.5212502479553223 0.5130968689918518
Loss_clf:0.523 | Loss_dist:0.000 | Loss_kl:0.001
Adjusting learning rate of group 0 to 1.0000e-04.
Epoch: 226, Loss:0.5233 Train: 0.7678, Val:0.6199, Test: 0.6513, Time(s/epoch):0.0820
0.5274349451065063 0.511593222618103 0.49968743324279785
Loss_clf:0.518 | Loss_dist:0.000 | Loss_kl:0.001
Adjusting learning rate of group 0 to 1.0000e-04.
Epoch: 227, Loss:0.5179 Train: 0.7676, Val:0.6216, Test: 0.6547, Time(s/epoch):0.0788
0.5226372480392456 0.5200063586235046 0.5089719295501709
Loss_clf:0.520 | Loss_dist:0.000 | Loss_kl:0.001
Adjusting learning rate of group 0 to 1.0000e-04.
Epoch: 228, Loss:0.5201 Train: 0.7697, Val:0.6216, Test: 0.6530, Time(s/epoch):0.0998
0.5250207185745239 0.5166590213775635 0.5084810853004456
Loss_clf:0.520 | Loss_dist:0.000 | Loss_kl:0.002
Adjusting learning rate of group 0 to 1.0000e-04.
Epoch: 229, Loss:0.5205 Train: 0.7702, Val:0.6199, Test: 0.6530, Time(s/epoch):0.0951
0.5236356258392334 0.5129749178886414 0.5028502941131592
Loss_clf:0.517 | Loss_dist:0.000 | Loss_kl:0.001
Adjusting learning rate of group 0 to 1.0000e-04.
Epoch: 230, Loss:0.5172 Train: 0.7702, Val:0.6147, Test: 0.6513, Time(s/epoch):0.1018
0.5227633118629456 0.5092334747314453 0.4974015951156616
Loss_clf:0.515 | Loss_dist:0.000 | Loss_kl:0.001
Adjusting learning rate of group 0 to 1.0000e-04.
Epoch: 231, Loss:0.5145 Train: 0.7692, Val:0.6182, Test: 0.6564, Time(s/epoch):0.0905
0.5210165977478027 0.510331928730011 0.500257670879364
Loss_clf:0.515 | Loss_dist:0.000 | Loss_kl:0.002
Adjusting learning rate of group 0 to 1.0000e-04.
Epoch: 232, Loss:0.5147 Train: 0.7689, Val:0.6199, Test: 0.6530, Time(s/epoch):0.1069
0.5236417055130005 0.5158056616783142 0.5060127377510071
Loss_clf:0.519 | Loss_dist:0.000 | Loss_kl:0.002
Adjusting learning rate of group 0 to 1.0000e-04.
Epoch: 233, Loss:0.5189 Train: 0.7702, Val:0.6182, Test: 0.6496, Time(s/epoch):0.0936
0.5270782709121704 0.5165232419967651 0.5054392218589783
Loss_clf:0.521 | Loss_dist:0.000 | Loss_kl:0.002
Adjusting learning rate of group 0 to 1.0000e-04.
Epoch: 234, Loss:0.5207 Train: 0.7699, Val:0.6164, Test: 0.6513, Time(s/epoch):0.1011
0.5218437314033508 0.5128300786018372 0.503033459186554
Loss_clf:0.517 | Loss_dist:0.000 | Loss_kl:0.002
Adjusting learning rate of group 0 to 1.0000e-04.
Epoch: 235, Loss:0.5166 Train: 0.7711, Val:0.6182, Test: 0.6513, Time(s/epoch):0.0885
0.5203588008880615 0.5147076845169067 0.50356525182724
Loss_clf:0.516 | Loss_dist:0.000 | Loss_kl:0.002
Adjusting learning rate of group 0 to 1.0000e-04.
Epoch: 236, Loss:0.5163 Train: 0.7701, Val:0.6096, Test: 0.6547, Time(s/epoch):0.0791
0.5216003656387329 0.5112996101379395 0.5023621916770935
Loss_clf:0.516 | Loss_dist:0.000 | Loss_kl:0.001
Adjusting learning rate of group 0 to 1.0000e-04.
Epoch: 237, Loss:0.5157 Train: 0.7708, Val:0.6027, Test: 0.6581, Time(s/epoch):0.1017
0.5231632590293884 0.5222173929214478 0.5119168758392334
Loss_clf:0.522 | Loss_dist:0.000 | Loss_kl:0.002
Adjusting learning rate of group 0 to 1.0000e-04.
Epoch: 238, Loss:0.5217 Train: 0.7716, Val:0.5976, Test: 0.6581, Time(s/epoch):0.0919
0.5207021236419678 0.5071688294410706 0.49621593952178955
Loss_clf:0.513 | Loss_dist:0.000 | Loss_kl:0.001
Adjusting learning rate of group 0 to 1.0000e-04.
Epoch: 239, Loss:0.5127 Train: 0.7722, Val:0.5976, Test: 0.6564, Time(s/epoch):0.0797
0.5240055918693542 0.5115472078323364 0.501237154006958
Loss_clf:0.517 | Loss_dist:0.000 | Loss_kl:0.001
Adjusting learning rate of group 0 to 1.0000e-04.
Epoch: 240, Loss:0.5166 Train: 0.7716, Val:0.5908, Test: 0.6547, Time(s/epoch):0.1025
0.5227105021476746 0.5152126550674438 0.5018743276596069
Loss_clf:0.517 | Loss_dist:0.000 | Loss_kl:0.002
Adjusting learning rate of group 0 to 1.0000e-04.
Epoch: 241, Loss:0.5173 Train: 0.7715, Val:0.5890, Test: 0.6496, Time(s/epoch):0.0906
0.5215184688568115 0.51338791847229 0.5034056305885315
Loss_clf:0.516 | Loss_dist:0.000 | Loss_kl:0.001
Adjusting learning rate of group 0 to 1.0000e-04.
Epoch: 242, Loss:0.5165 Train: 0.7711, Val:0.5908, Test: 0.6513, Time(s/epoch):0.0845
0.5217165350914001 0.5092568397521973 0.49810442328453064
Loss_clf:0.514 | Loss_dist:0.000 | Loss_kl:0.002
Adjusting learning rate of group 0 to 1.0000e-04.
Epoch: 243, Loss:0.5143 Train: 0.7709, Val:0.5925, Test: 0.6530, Time(s/epoch):0.0797
0.5272647142410278 0.5209107995033264 0.5076678395271301
Loss_clf:0.522 | Loss_dist:0.000 | Loss_kl:0.001
Adjusting learning rate of group 0 to 1.0000e-04.
Epoch: 244, Loss:0.5222 Train: 0.7704, Val:0.5959, Test: 0.6530, Time(s/epoch):0.0796
0.5183960795402527 0.5079752802848816 0.49669140577316284
Loss_clf:0.512 | Loss_dist:0.000 | Loss_kl:0.002
Adjusting learning rate of group 0 to 1.0000e-04.
Epoch: 245, Loss:0.5120 Train: 0.7709, Val:0.5959, Test: 0.6564, Time(s/epoch):0.0818
0.5236453413963318 0.5039960741996765 0.49138596653938293
Loss_clf:0.512 | Loss_dist:0.000 | Loss_kl:0.002
Adjusting learning rate of group 0 to 1.0000e-04.
Epoch: 246, Loss:0.5122 Train: 0.7708, Val:0.5976, Test: 0.6581, Time(s/epoch):0.0821
0.5210503935813904 0.5091602206230164 0.49600476026535034
Loss_clf:0.513 | Loss_dist:0.000 | Loss_kl:0.002
Adjusting learning rate of group 0 to 1.0000e-04.
Epoch: 247, Loss:0.5134 Train: 0.7715, Val:0.5993, Test: 0.6564, Time(s/epoch):0.0968
0.5221254229545593 0.5163354873657227 0.503850519657135
Loss_clf:0.518 | Loss_dist:0.000 | Loss_kl:0.002
Adjusting learning rate of group 0 to 1.0000e-04.
Epoch: 248, Loss:0.5177 Train: 0.7720, Val:0.5993, Test: 0.6547, Time(s/epoch):0.0897
0.5227596759796143 0.5082612037658691 0.49724245071411133
Loss_clf:0.514 | Loss_dist:0.000 | Loss_kl:0.002
Adjusting learning rate of group 0 to 1.0000e-04.
Epoch: 249, Loss:0.5144 Train: 0.7729, Val:0.6027, Test: 0.6547, Time(s/epoch):0.1021
0.5213470458984375 0.5081613659858704 0.4951053261756897
Loss_clf:0.513 | Loss_dist:0.000 | Loss_kl:0.002
Adjusting learning rate of group 0 to 1.0000e-04.
Epoch: 250, Loss:0.5132 Train: 0.7727, Val:0.6027, Test: 0.6513, Time(s/epoch):0.1096
0.5250065326690674 0.5124364495277405 0.5027717351913452
Loss_clf:0.518 | Loss_dist:0.000 | Loss_kl:0.002
Adjusting learning rate of group 0 to 1.0000e-04.
Epoch: 251, Loss:0.5178 Train: 0.7732, Val:0.6079, Test: 0.6530, Time(s/epoch):0.1057
0.5209276080131531 0.507607102394104 0.4948643743991852
Loss_clf:0.513 | Loss_dist:0.000 | Loss_kl:0.002
Adjusting learning rate of group 0 to 1.0000e-04.
Epoch: 252, Loss:0.5126 Train: 0.7732, Val:0.6062, Test: 0.6564, Time(s/epoch):0.1059
0.5194495320320129 0.5107476711273193 0.49898725748062134
Loss_clf:0.514 | Loss_dist:0.000 | Loss_kl:0.002
Adjusting learning rate of group 0 to 1.0000e-04.
Epoch: 253, Loss:0.5137 Train: 0.7737, Val:0.6096, Test: 0.6547, Time(s/epoch):0.0961
0.5230441689491272 0.5098394751548767 0.49919402599334717
Loss_clf:0.515 | Loss_dist:0.000 | Loss_kl:0.002
Adjusting learning rate of group 0 to 1.0000e-04.
Epoch: 254, Loss:0.5153 Train: 0.7730, Val:0.6113, Test: 0.6598, Time(s/epoch):0.1023
0.5233410000801086 0.5042058825492859 0.49369534850120544
Loss_clf:0.513 | Loss_dist:0.000 | Loss_kl:0.002
Adjusting learning rate of group 0 to 1.0000e-04.
Epoch: 255, Loss:0.5128 Train: 0.7720, Val:0.6096, Test: 0.6598, Time(s/epoch):0.0917
0.525363564491272 0.5007904171943665 0.48906582593917847
Loss_clf:0.512 | Loss_dist:0.000 | Loss_kl:0.002
Adjusting learning rate of group 0 to 1.0000e-04.
Epoch: 256, Loss:0.5118 Train: 0.7723, Val:0.6130, Test: 0.6581, Time(s/epoch):0.1026
0.5176828503608704 0.510280430316925 0.49835851788520813
Loss_clf:0.512 | Loss_dist:0.000 | Loss_kl:0.001
Adjusting learning rate of group 0 to 1.0000e-04.
Epoch: 257, Loss:0.5125 Train: 0.7734, Val:0.6147, Test: 0.6581, Time(s/epoch):0.1106
0.5189486742019653 0.5053623914718628 0.49423524737358093
Loss_clf:0.511 | Loss_dist:0.000 | Loss_kl:0.002
Adjusting learning rate of group 0 to 1.0000e-04.
Epoch: 258, Loss:0.5110 Train: 0.7730, Val:0.6130, Test: 0.6581, Time(s/epoch):0.0905
0.5142531394958496 0.5055268406867981 0.49309226870536804
Loss_clf:0.508 | Loss_dist:0.000 | Loss_kl:0.002
Adjusting learning rate of group 0 to 1.0000e-04.
Epoch: 259, Loss:0.5085 Train: 0.7734, Val:0.6164, Test: 0.6581, Time(s/epoch):0.1005
0.5245136022567749 0.5151716470718384 0.5012845993041992
Loss_clf:0.518 | Loss_dist:0.000 | Loss_kl:0.002
Adjusting learning rate of group 0 to 1.0000e-04.
Epoch: 260, Loss:0.5183 Train: 0.7737, Val:0.6164, Test: 0.6581, Time(s/epoch):0.1029
0.5187059044837952 0.4993606507778168 0.4880988895893097
Loss_clf:0.508 | Loss_dist:0.000 | Loss_kl:0.002
Adjusting learning rate of group 0 to 1.0000e-04.
Epoch: 261, Loss:0.5078 Train: 0.7748, Val:0.6130, Test: 0.6581, Time(s/epoch):0.0905
0.5180825591087341 0.5108643770217896 0.49971815943717957
Loss_clf:0.513 | Loss_dist:0.000 | Loss_kl:0.002
Adjusting learning rate of group 0 to 1.0000e-04.
Epoch: 262, Loss:0.5133 Train: 0.7739, Val:0.6062, Test: 0.6564, Time(s/epoch):0.1035
0.5208103656768799 0.5131373405456543 0.5014352798461914
Loss_clf:0.516 | Loss_dist:0.000 | Loss_kl:0.002
Adjusting learning rate of group 0 to 1.0000e-04.
Epoch: 263, Loss:0.5158 Train: 0.7739, Val:0.6045, Test: 0.6581, Time(s/epoch):0.0853
0.5181670784950256 0.5028761625289917 0.49300074577331543
Loss_clf:0.510 | Loss_dist:0.000 | Loss_kl:0.001
Adjusting learning rate of group 0 to 1.0000e-04.
Epoch: 264, Loss:0.5095 Train: 0.7737, Val:0.6010, Test: 0.6564, Time(s/epoch):0.0819
0.52202308177948 0.511775016784668 0.4987221658229828
Loss_clf:0.515 | Loss_dist:0.000 | Loss_kl:0.002
Adjusting learning rate of group 0 to 1.0000e-04.
Epoch: 265, Loss:0.5154 Train: 0.7730, Val:0.6010, Test: 0.6547, Time(s/epoch):0.0990
0.518061637878418 0.49908480048179626 0.48754358291625977
Loss_clf:0.507 | Loss_dist:0.000 | Loss_kl:0.002
Adjusting learning rate of group 0 to 1.0000e-04.
Epoch: 266, Loss:0.5072 Train: 0.7734, Val:0.6010, Test: 0.6564, Time(s/epoch):0.1068
0.5258100628852844 0.5143318772315979 0.5018997192382812
Loss_clf:0.519 | Loss_dist:0.000 | Loss_kl:0.002
Adjusting learning rate of group 0 to 1.0000e-04.
Epoch: 267, Loss:0.5187 Train: 0.7736, Val:0.5993, Test: 0.6547, Time(s/epoch):0.1148
0.5233403444290161 0.5047754645347595 0.4905833303928375
Loss_clf:0.512 | Loss_dist:0.000 | Loss_kl:0.002
Adjusting learning rate of group 0 to 1.0000e-04.
Epoch: 268, Loss:0.5123 Train: 0.7734, Val:0.5993, Test: 0.6513, Time(s/epoch):0.1144
0.5207304954528809 0.5008350610733032 0.48823118209838867
Loss_clf:0.509 | Loss_dist:0.000 | Loss_kl:0.002
Adjusting learning rate of group 0 to 1.0000e-04.
Epoch: 269, Loss:0.5093 Train: 0.7734, Val:0.5976, Test: 0.6547, Time(s/epoch):0.1148
0.5215266942977905 0.5099645853042603 0.4967638850212097
Loss_clf:0.514 | Loss_dist:0.000 | Loss_kl:0.002
Adjusting learning rate of group 0 to 1.0000e-04.
Epoch: 270, Loss:0.5141 Train: 0.7739, Val:0.5993, Test: 0.6581, Time(s/epoch):0.1161
0.5166537165641785 0.4999034106731415 0.48824983835220337
Loss_clf:0.507 | Loss_dist:0.000 | Loss_kl:0.001
Adjusting learning rate of group 0 to 1.0000e-04.
Epoch: 271, Loss:0.5068 Train: 0.7743, Val:0.5976, Test: 0.6598, Time(s/epoch):0.0874
0.5240702629089355 0.5082394480705261 0.4958842396736145
Loss_clf:0.515 | Loss_dist:0.000 | Loss_kl:0.002
Adjusting learning rate of group 0 to 1.0000e-04.
Epoch: 272, Loss:0.5146 Train: 0.7743, Val:0.5925, Test: 0.6581, Time(s/epoch):0.1004
0.5198692083358765 0.5066574215888977 0.4924141764640808
Loss_clf:0.511 | Loss_dist:0.000 | Loss_kl:0.002
Adjusting learning rate of group 0 to 1.0000e-04.
Epoch: 273, Loss:0.5115 Train: 0.7732, Val:0.5925, Test: 0.6547, Time(s/epoch):0.0855
0.5212521553039551 0.503619909286499 0.48989635705947876
Loss_clf:0.511 | Loss_dist:0.000 | Loss_kl:0.002
Adjusting learning rate of group 0 to 1.0000e-04.
Epoch: 274, Loss:0.5107 Train: 0.7743, Val:0.5890, Test: 0.6547, Time(s/epoch):0.0831
0.5142077803611755 0.49598872661590576 0.4831634759902954
Loss_clf:0.504 | Loss_dist:0.000 | Loss_kl:0.002
Adjusting learning rate of group 0 to 1.0000e-04.
Epoch: 275, Loss:0.5038 Train: 0.7744, Val:0.5873, Test: 0.6547, Time(s/epoch):0.0743
0.5229266285896301 0.5072665810585022 0.49440059065818787
Loss_clf:0.514 | Loss_dist:0.000 | Loss_kl:0.002
Adjusting learning rate of group 0 to 1.0000e-04.
Epoch: 276, Loss:0.5136 Train: 0.7746, Val:0.5873, Test: 0.6530, Time(s/epoch):0.0719
0.5232146382331848 0.5037134289741516 0.4927075207233429
Loss_clf:0.512 | Loss_dist:0.000 | Loss_kl:0.002
Adjusting learning rate of group 0 to 1.0000e-04.
Epoch: 277, Loss:0.5123 Train: 0.7743, Val:0.5873, Test: 0.6530, Time(s/epoch):0.0814
0.5206665396690369 0.5048229694366455 0.49375882744789124
Loss_clf:0.512 | Loss_dist:0.000 | Loss_kl:0.002
Adjusting learning rate of group 0 to 1.0000e-04.
Epoch: 278, Loss:0.5116 Train: 0.7750, Val:0.5873, Test: 0.6496, Time(s/epoch):0.0813
0.5171737670898438 0.5029786229133606 0.49335476756095886
Loss_clf:0.509 | Loss_dist:0.000 | Loss_kl:0.002
Adjusting learning rate of group 0 to 1.0000e-04.
Epoch: 279, Loss:0.5092 Train: 0.7751, Val:0.5873, Test: 0.6530, Time(s/epoch):0.0794
0.5175814628601074 0.5042362809181213 0.4901118874549866
Loss_clf:0.509 | Loss_dist:0.000 | Loss_kl:0.002
Adjusting learning rate of group 0 to 1.0000e-04.
Epoch: 280, Loss:0.5090 Train: 0.7753, Val:0.5925, Test: 0.6496, Time(s/epoch):0.0852
0.5177048444747925 0.5055218935012817 0.4920181632041931
Loss_clf:0.510 | Loss_dist:0.000 | Loss_kl:0.002
Adjusting learning rate of group 0 to 1.0000e-04.
Epoch: 281, Loss:0.5098 Train: 0.7748, Val:0.5925, Test: 0.6513, Time(s/epoch):0.0990
0.5182806253433228 0.5020610690116882 0.4890156686306
Loss_clf:0.508 | Loss_dist:0.000 | Loss_kl:0.002
Adjusting learning rate of group 0 to 1.0000e-04.
Epoch: 282, Loss:0.5085 Train: 0.7746, Val:0.5942, Test: 0.6496, Time(s/epoch):0.1133
0.520014762878418 0.5065030455589294 0.49630218744277954
Loss_clf:0.512 | Loss_dist:0.000 | Loss_kl:0.002
Adjusting learning rate of group 0 to 1.0000e-04.
Epoch: 283, Loss:0.5124 Train: 0.7750, Val:0.5925, Test: 0.6513, Time(s/epoch):0.1068
0.5168938636779785 0.5052761435508728 0.4928138554096222
Loss_clf:0.510 | Loss_dist:0.000 | Loss_kl:0.002
Adjusting learning rate of group 0 to 1.0000e-04.
Epoch: 284, Loss:0.5097 Train: 0.7753, Val:0.5908, Test: 0.6496, Time(s/epoch):0.1111
0.5183660984039307 0.5021659731864929 0.4907090961933136
Loss_clf:0.509 | Loss_dist:0.000 | Loss_kl:0.002
Adjusting learning rate of group 0 to 1.0000e-04.
Epoch: 285, Loss:0.5091 Train: 0.7758, Val:0.5942, Test: 0.6530, Time(s/epoch):0.1105
0.5252088904380798 0.511892557144165 0.49946150183677673
Loss_clf:0.517 | Loss_dist:0.000 | Loss_kl:0.002
Adjusting learning rate of group 0 to 1.0000e-04.
Epoch: 286, Loss:0.5173 Train: 0.7756, Val:0.5959, Test: 0.6513, Time(s/epoch):0.1068
0.5136863589286804 0.4992383122444153 0.48701682686805725
Loss_clf:0.505 | Loss_dist:0.000 | Loss_kl:0.002
Adjusting learning rate of group 0 to 1.0000e-04.
Epoch: 287, Loss:0.5050 Train: 0.7750, Val:0.5993, Test: 0.6530, Time(s/epoch):0.0913
0.5175075531005859 0.5099454522132874 0.498718798160553
Loss_clf:0.512 | Loss_dist:0.000 | Loss_kl:0.002
Adjusting learning rate of group 0 to 1.0000e-04.
Epoch: 288, Loss:0.5124 Train: 0.7750, Val:0.6010, Test: 0.6547, Time(s/epoch):0.0856
0.519053041934967 0.5029520988464355 0.49047836661338806
Loss_clf:0.510 | Loss_dist:0.000 | Loss_kl:0.002
Adjusting learning rate of group 0 to 1.0000e-04.
Epoch: 289, Loss:0.5095 Train: 0.7748, Val:0.6045, Test: 0.6513, Time(s/epoch):0.0945
0.5198047757148743 0.5104256272315979 0.49711766839027405
Loss_clf:0.513 | Loss_dist:0.000 | Loss_kl:0.002
Adjusting learning rate of group 0 to 1.0000e-04.
Epoch: 290, Loss:0.5134 Train: 0.7744, Val:0.6027, Test: 0.6513, Time(s/epoch):0.1080
0.5163125395774841 0.5037052035331726 0.4895496368408203
Loss_clf:0.508 | Loss_dist:0.000 | Loss_kl:0.002
Adjusting learning rate of group 0 to 1.0000e-04.
Epoch: 291, Loss:0.5082 Train: 0.7746, Val:0.6010, Test: 0.6513, Time(s/epoch):0.1080
0.5148910284042358 0.50338214635849 0.4924941062927246
Loss_clf:0.508 | Loss_dist:0.000 | Loss_kl:0.002
Adjusting learning rate of group 0 to 1.0000e-04.
Epoch: 292, Loss:0.5080 Train: 0.7736, Val:0.6010, Test: 0.6513, Time(s/epoch):0.0960
0.5141749978065491 0.49458351731300354 0.4815330505371094
Loss_clf:0.503 | Loss_dist:0.000 | Loss_kl:0.002
Adjusting learning rate of group 0 to 1.0000e-04.
Epoch: 293, Loss:0.5027 Train: 0.7746, Val:0.6010, Test: 0.6496, Time(s/epoch):0.1023
0.5190777778625488 0.503793478012085 0.4915693402290344
Loss_clf:0.510 | Loss_dist:0.000 | Loss_kl:0.002
Adjusting learning rate of group 0 to 1.0000e-04.
Epoch: 294, Loss:0.5100 Train: 0.7750, Val:0.5993, Test: 0.6496, Time(s/epoch):0.1074
0.5179897546768188 0.5074309706687927 0.4955797493457794
Loss_clf:0.511 | Loss_dist:0.000 | Loss_kl:0.002
Adjusting learning rate of group 0 to 1.0000e-04.
Epoch: 295, Loss:0.5115 Train: 0.7753, Val:0.6130, Test: 0.6496, Time(s/epoch):0.1037
0.5161452889442444 0.5027396082878113 0.489785760641098
Loss_clf:0.508 | Loss_dist:0.000 | Loss_kl:0.002
Adjusting learning rate of group 0 to 1.0000e-04.
Epoch: 296, Loss:0.5079 Train: 0.7755, Val:0.6147, Test: 0.6496, Time(s/epoch):0.0916
0.5151820778846741 0.5096721649169922 0.495903879404068
Loss_clf:0.511 | Loss_dist:0.000 | Loss_kl:0.002
Adjusting learning rate of group 0 to 1.0000e-04.
Epoch: 297, Loss:0.5107 Train: 0.7767, Val:0.6130, Test: 0.6496, Time(s/epoch):0.0809
0.5147772431373596 0.5053079724311829 0.49241235852241516
Loss_clf:0.509 | Loss_dist:0.000 | Loss_kl:0.002
Adjusting learning rate of group 0 to 1.0000e-04.
Epoch: 298, Loss:0.5085 Train: 0.7765, Val:0.6147, Test: 0.6479, Time(s/epoch):0.0795
0.5121245384216309 0.49795714020729065 0.48393675684928894
Loss_clf:0.503 | Loss_dist:0.000 | Loss_kl:0.002
Adjusting learning rate of group 0 to 1.0000e-04.
Epoch: 299, Loss:0.5032 Train: 0.7772, Val:0.6147, Test: 0.6496, Time(s/epoch):0.0790
0.5206877589225769 0.5117295980453491 0.4996661841869354
Loss_clf:0.515 | Loss_dist:0.000 | Loss_kl:0.002
Adjusting learning rate of group 0 to 1.0000e-04.
Epoch: 300, Loss:0.5147 Train: 0.7772, Val:0.6182, Test: 0.6496, Time(s/epoch):0.0968
[Run-1 score] {'train': 0.7746037275735934, 'val': 0.601027397260274, 'test': 0.6495726495726496, 'loss': 0.4815330505371094}
[Average Score] {'train': 0.7746037275735934, 'val': 0.601027397260274, 'test': 0.6495726495726496} 
[std Score] {'train': 0.0, 'val': 0.0, 'test': 0.0} 
[Best Score] {'train': 0.7746037275735934, 'val': 0.601027397260274, 'test': 0.6495726495726496, 'loss': 0.4815330505371094}
[Best test run] 0
